#
# A fatal error has been detected by the Java Runtime Environment:
#
#  EXCEPTION_ACCESS_VIOLATION (0xc0000005) at pc=0x00007ffbd38bbffa, pid=23600, tid=11668
#
# JRE version: Java(TM) SE Runtime Environment (17.0.1+12) (build 17.0.1+12-LTS-39)
# Java VM: Java HotSpot(TM) 64-Bit Server VM (17.0.1+12-LTS-39, mixed mode, sharing, tiered, compressed oops, compressed class ptrs, g1 gc, windows-amd64)
# Problematic frame:
# V  [jvm.dll+0x73bffa]
#
# No core dump will be written. Minidumps are not enabled by default on client versions of Windows
#
# If you would like to submit a bug report, please visit:
#   https://bugreport.java.com/bugreport/crash.jsp
#

---------------  S U M M A R Y ------------

Command Line: -XX:+ShowCodeDetailsInExceptionMessages -agentlib:jdwp=transport=dt_socket,suspend=y,address=localhost:2154 -javaagent:C:\Users\USER\eclipse\jee-2021-12\eclipse\configuration\org.eclipse.osgi\421\0\.cp\lib\javaagent-shaded.jar -Dfile.encoding=Cp1252 --module-path=D:\suji workspace\TrainTicketReservation\bin -Djdk.module.main=TrainTicketReservation TrainTicketReservation/com.suji.train.Main

Host: AMD Ryzen 7 5700U with Radeon Graphics         , 16 cores, 7G,  Windows 10 , 64 bit Build 22000 (10.0.22000.675)
Time: Tue Jun 14 06:15:29 2022 India Standard Time elapsed time: 188.207111 seconds (0d 0h 3m 8s)

---------------  T H R E A D  ---------------

Current thread (0x000002104d56e970):  JavaThread "JDWP Transport Listener: dt_socket" daemon [_thread_in_vm, id=11668, stack(0x000000ee47f00000,0x000000ee48000000)]

Stack: [0x000000ee47f00000,0x000000ee48000000],  sp=0x000000ee47fff900,  free space=1022k
Native frames: (J=compiled Java code, j=interpreted, Vv=VM code, C=native code)
V  [jvm.dll+0x73bffa]
V  [jvm.dll+0x50483c]
V  [jvm.dll+0x4d0154]
C  [jdwp.dll+0x22e9f]


siginfo: EXCEPTION_ACCESS_VIOLATION (0xc0000005), reading address 0x00000000010f0015


Register to memory mapping:

RIP=0x00007ffbd38bbffa jvm.dll
RAX=0x000000000000010e is an unknown value
RBX=0x000002104d48042c points into unknown readable memory: 6c 3b 00 74
RCX=0x00000000010f0011 is an unknown value
RDX=0x000002104dc6c930 points into unknown readable memory: 0x6a75732f6d6f634c | 4c 63 6f 6d 2f 73 75 6a
RSP=0x000000ee47fff900 is pointing into the stack for thread: 0x000002104d56e970
RBP=0x000002104d57d6b0 points into unknown readable memory: 0x0000000000000002 | 02 00 00 00 00 00 00 00
RSI=0x0 is NULL
RDI=0xffffffffffffffff is an unknown value
R8 =0x0000000000000080 is an unknown value
R9 =0x0000000000000040 is an unknown value
R10=0x0000000000000080 is an unknown value
R11=0x000000ee47fff920 is pointing into the stack for thread: 0x000002104d56e970
R12=0x000000ee47fffa58 is pointing into the stack for thread: 0x000002104d56e970
R13=0x0 is NULL
R14=0x0000000800c07578 is a pointer to class: 
com.suji.train.repository.TrainRepository {0x0000000800c07580}
 - instance size:     3
 - klass size:        90
 - access:            public synchronized 
 - state:             fully_initialized
 - name:              'com/suji/train/repository/TrainRepository'
 - super:             'com/suji/train/repository/AbstractRepository'
 - sub:               
 - arrays:            NULL
 - methods:           Array<T>(0x000002104d05fee8)
 - method ordering:   Array<T>(0x000002104d060f30)
 - default_methods:   Array<T>(0x0000000000000000)
 - local interfaces:  Array<T>(0x00000008005af218)
 - trans. interfaces: Array<T>(0x000002104d03ffb0)
 - constants:         constant pool [276] {0x000002104d062450} for 'com/suji/train/repository/TrainRepository' cache=0x000002104d062dc8
 - class loader data:  loader data: 0x000002104ca80980 for instance a 'jdk/internal/loader/ClassLoaders$AppClassLoader'{0x0000000091967138}
 - source file:       'TrainRepository.java'
 - source debug extension:       SMAP
TrainRepository.java
Java
*S jdt
*F
1 TrainRepository.java
2 file:/D:/suji%20workspace/TrainTicketReservation/bin/
*L
*E

 - class annotations:       Array<T>(0x0000000000000000)
 - class type annotations:  Array<T>(0x0000000000000000)
 - field annotations:       Array<T>(0x0000000000000000)
 - field type annotations:  Array<T>(0x0000000000000000)
 - generic signature: '
[error occurred during error reporting (printing register info), id 0xc0000005, EXCEPTION_ACCESS_VIOLATION (0xc0000005) at pc=0x00007ffbd38bcc06]

Registers:
RAX=0x000000000000010e, RBX=0x000002104d48042c, RCX=0x00000000010f0011, RDX=0x000002104dc6c930
RSP=0x000000ee47fff900, RBP=0x000002104d57d6b0, RSI=0x0000000000000000, RDI=0xffffffffffffffff
R8 =0x0000000000000080, R9 =0x0000000000000040, R10=0x0000000000000080, R11=0x000000ee47fff920
R12=0x000000ee47fffa58, R13=0x0000000000000000, R14=0x0000000800c07578, R15=0x000000ee47fffaa8
RIP=0x00007ffbd38bbffa, EFLAGS=0x0000000000010206

Top of Stack: (sp=0x000000ee47fff900)
0x000000ee47fff900:   0000000000000029 0000000800c07578
0x000000ee47fff910:   000002104d56e970 0000000000000000
0x000000ee47fff920:   ffffffffffffffff 00007ffbd368483c
0x000000ee47fff930:   000002104d48042c 000002104d480400
0x000000ee47fff940:   000002104d57d6b0 000002104dc99510
0x000000ee47fff950:   000002104d4803c0 00000000000003d8
0x000000ee47fff960:   000002104d4803d0 000002104d4807a8
0x000000ee47fff970:   0000000000000002 000000ee47fffa58
0x000000ee47fff980:   0000000000000000 0000000000000000
0x000000ee47fff990:   00000000912b0148 00007ffbd3650154
0x000000ee47fff9a0:   000002104d56e970 000000ee47fffaa8
0x000000ee47fff9b0:   000002102c2e7750 000000ee47fffaa8
0x000000ee47fff9c0:   000002104d56e970 0000000000000000
0x000000ee47fff9d0:   0000021000000000 0000000000000000
0x000000ee47fff9e0:   000000000000000d 00007ffc0aac2e9f
0x000000ee47fff9f0:   000000ee47fffaa0 00007ffc0aad1830 

Instructions: (pc=0x00007ffbd38bbffa)
0x00007ffbd38bbefa:   48 83 c4 20 5f e9 cc 86 96 ff cc cc cc cc cc cc
0x00007ffbd38bbf0a:   cc cc cc cc cc cc 48 89 5c 24 08 57 48 83 ec 20
0x00007ffbd38bbf1a:   83 fa 02 8d 42 06 b9 08 00 00 00 49 8b d8 0f 4e
0x00007ffbd38bbf2a:   c1 48 63 c8 48 83 c1 07 83 e1 f8 48 63 f9 49 8b
0x00007ffbd38bbf3a:   48 18 48 8b c7 48 f7 d0 48 3b c1 73 16 4c 8d 05
0x00007ffbd38bbf4a:   7a 47 17 00 48 8b d7 48 8b cb e8 d7 e9 96 ff 48
0x00007ffbd38bbf5a:   8b 4b 18 48 8d 04 39 48 3b 43 20 76 18 45 33 c0
0x00007ffbd38bbf6a:   48 8b d7 48 8b cb 48 8b 5c 24 30 48 83 c4 20 5f
0x00007ffbd38bbf7a:   e9 31 e6 96 ff 48 89 43 18 48 8b c1 48 8b 5c 24
0x00007ffbd38bbf8a:   30 48 83 c4 20 5f c3 cc cc cc cc cc cc cc cc cc
0x00007ffbd38bbf9a:   cc cc cc cc cc cc 4c 8b d2 4c 8b d9 45 85 c0 7e
0x00007ffbd38bbfaa:   3c 44 0f b7 49 04 41 8d 40 ff 41 3b c1 44 0f 4c
0x00007ffbd38bbfba:   c8 4d 63 c1 45 85 c9 7e 1f 48 8b c2 4c 2b da 49
0x00007ffbd38bbfca:   8b d0 0f 1f 40 00 41 0f b6 4c 03 06 88 08 48 8d
0x00007ffbd38bbfda:   40 01 48 83 ea 01 75 ee 43 c6 04 10 00 49 8b c2
0x00007ffbd38bbfea:   c3 cc cc cc cc cc 48 89 5c 24 08 57 48 83 ec 20
0x00007ffbd38bbffa:   0f b7 59 04 48 8b f9 33 d2 48 8d 4b 01 e8 14 9b
0x00007ffbd38bc00a:   f8 ff 0f b7 57 04 4c 8b c0 3b da 0f 42 d3 44 8b
0x00007ffbd38bc01a:   ca 85 d2 74 39 48 2b f8 0f 1f 40 00 66 66 0f 1f
0x00007ffbd38bc02a:   84 00 00 00 00 00 0f b6 4c 07 06 88 08 48 ff c0
0x00007ffbd38bc03a:   48 8b c8 49 2b c8 49 3b c9 7c eb 42 c6 04 02 00
0x00007ffbd38bc04a:   49 8b c0 48 8b 5c 24 30 48 83 c4 20 5f c3 48 8b
0x00007ffbd38bc05a:   5c 24 30 c6 04 02 00 48 83 c4 20 5f c3 cc cc cc
0x00007ffbd38bc06a:   cc cc cc cc cc cc 4c 8b d1 45 85 c0 7e 6c 44 0f
0x00007ffbd38bc07a:   b7 49 04 41 8d 40 ff 41 3b c1 44 0f 4c c8 4d 63
0x00007ffbd38bc08a:   d9 45 85 c9 7e 22 48 8b ca 4c 2b d2 4d 8b c3 0f
0x00007ffbd38bc09a:   1f 80 00 00 00 00 41 0f b6 44 0a 06 88 01 48 8d
0x00007ffbd38bc0aa:   49 01 49 83 e8 01 75 ee 41 c6 04 13 00 48 c7 c0
0x00007ffbd38bc0ba:   ff ff ff ff 66 90 48 ff c0 80 3c 02 00 75 f7 48
0x00007ffbd38bc0ca:   63 c8 85 c0 48 8b c2 7e 14 80 38 2f 75 03 c6 00
0x00007ffbd38bc0da:   2e 48 ff c0 48 83 e9 01 75 ef 48 8b c2 c3 cc cc
0x00007ffbd38bc0ea:   cc cc cc cc cc cc 48 83 ec 28 e8 f7 fe ff ff 4c 


Stack slot to memory mapping:
stack at sp + 0 slots: 0x0000000000000029 is an unknown value
stack at sp + 1 slots: 0x0000000800c07578 is a pointer to class: 
com.suji.train.repository.TrainRepository {0x0000000800c07580}
 - instance size:     3
 - klass size:        90
 - access:            public synchronized 
 - state:             fully_initialized
 - name:              'com/suji/train/repository/TrainRepository'
 - super:             'com/suji/train/repository/AbstractRepository'
 - sub:               
 - arrays:            NULL
 - methods:           Array<T>(0x000002104d05fee8)
 - method ordering:   Array<T>(0x000002104d060f30)
 - default_methods:   Array<T>(0x0000000000000000)
 - local interfaces:  Array<T>(0x00000008005af218)
 - trans. interfaces: Array<T>(0x000002104d03ffb0)
 - constants:         constant pool [276] {0x000002104d062450} for 'com/suji/train/repository/TrainRepository' cache=0x000002104d062dc8
 - class loader data:  loader data: 0x000002104ca80980 for instance a 'jdk/internal/loader/ClassLoaders$AppClassLoader'{0x0000000091967138}
 - source file:       'TrainRepository.java'
 - source debug extension:       SMAP
TrainRepository.java
Java
*S jdt
*F
1 TrainRepository.java
2 file:/D:/suji%20workspace/TrainTicketReservation/bin/
*L
*E

 - class annotations:       Array<T>(0x0000000000000000)
 - class type annotations:  Array<T>(0x0000000000000000)
 - field annotations:       Array<T>(0x0000000000000000)
 - field type annotations:  Array<T>(0x0000000000000000)
 - generic signature: '
[error occurred during error reporting (inspecting top of stack), id 0xc0000005, EXCEPTION_ACCESS_VIOLATION (0xc0000005) at pc=0x00007ffbd38bcc06]


---------------  P R O C E S S  ---------------

Threads class SMR info:
_java_thread_list=0x000002104dc98910, length=15, elements={
0x000002102e4212c0, 0x000002104c9d7660, 0x000002104c9d8ae0, 0x000002104c9f2e50,
0x000002104c9f4810, 0x000002104c9f51c0, 0x000002104c9f9070, 0x000002104c9f9e00,
0x000002104ca028b0, 0x000002104ca16990, 0x000002104c9c1950, 0x000002104d56e970,
0x000002104d593890, 0x000002104d57bf10, 0x000002104d6eaff0
}

Java Threads: ( => current thread )
  0x000002102e4212c0 JavaThread "main" [_thread_blocked, id=1640, stack(0x000000ee46b00000,0x000000ee46c00000)]
  0x000002104c9d7660 JavaThread "Reference Handler" daemon [_thread_blocked, id=15200, stack(0x000000ee47200000,0x000000ee47300000)]
  0x000002104c9d8ae0 JavaThread "Finalizer" daemon [_thread_blocked, id=14128, stack(0x000000ee47300000,0x000000ee47400000)]
  0x000002104c9f2e50 JavaThread "Signal Dispatcher" daemon [_thread_blocked, id=11848, stack(0x000000ee47500000,0x000000ee47600000)]
  0x000002104c9f4810 JavaThread "Attach Listener" daemon [_thread_blocked, id=13896, stack(0x000000ee47600000,0x000000ee47700000)]
  0x000002104c9f51c0 JavaThread "Service Thread" daemon [_thread_blocked, id=2740, stack(0x000000ee47700000,0x000000ee47800000)]
  0x000002104c9f9070 JavaThread "Monitor Deflation Thread" daemon [_thread_blocked, id=4036, stack(0x000000ee47800000,0x000000ee47900000)]
  0x000002104c9f9e00 JavaThread "C2 CompilerThread0" daemon [_thread_blocked, id=8556, stack(0x000000ee47900000,0x000000ee47a00000)]
  0x000002104ca028b0 JavaThread "C1 CompilerThread0" daemon [_thread_blocked, id=19632, stack(0x000000ee47a00000,0x000000ee47b00000)]
  0x000002104ca16990 JavaThread "Sweeper thread" daemon [_thread_blocked, id=17176, stack(0x000000ee47b00000,0x000000ee47c00000)]
  0x000002104c9c1950 JavaThread "Common-Cleaner" daemon [_thread_blocked, id=10056, stack(0x000000ee47c00000,0x000000ee47d00000)]
=>0x000002104d56e970 JavaThread "JDWP Transport Listener: dt_socket" daemon [_thread_in_vm, id=11668, stack(0x000000ee47f00000,0x000000ee48000000)]
  0x000002104d593890 JavaThread "JDWP Event Helper Thread" daemon [_thread_blocked, id=20540, stack(0x000000ee48000000,0x000000ee48100000)]
  0x000002104d57bf10 JavaThread "JDWP Command Reader" daemon [_thread_in_native, id=20528, stack(0x000000ee48100000,0x000000ee48200000)]
  0x000002104d6eaff0 JavaThread "Notification Thread" daemon [_thread_blocked, id=11656, stack(0x000000ee48200000,0x000000ee48300000)]

Other Threads:
  0x000002104c9d1b60 VMThread "VM Thread" [stack: 0x000000ee47100000,0x000000ee47200000] [id=7604]
  0x000002104dc79dc0 WatcherThread [stack: 0x000000ee48300000,0x000000ee48400000] [id=21308]
  0x000002102c2eec60 GCTaskThread "GC Thread#0" [stack: 0x000000ee46c00000,0x000000ee46d00000] [id=8392]
  0x000002102e46a180 ConcurrentGCThread "G1 Main Marker" [stack: 0x000000ee46d00000,0x000000ee46e00000] [id=23896]
  0x000002102e46b330 ConcurrentGCThread "G1 Conc#0" [stack: 0x000000ee46e00000,0x000000ee46f00000] [id=23416]
  0x000002102e4fafe0 ConcurrentGCThread "G1 Refine#0" [stack: 0x000000ee46f00000,0x000000ee47000000] [id=14720]
  0x000002102e4fba00 ConcurrentGCThread "G1 Service" [stack: 0x000000ee47000000,0x000000ee47100000] [id=23920]

Threads with active compile tasks:

VM state: not at safepoint (normal execution)

VM Mutex/Monitor currently owned by a thread: None

Heap address: 0x000000008a400000, size: 1884 MB, Compressed Oops mode: 32-bit

CDS archive(s) mapped at: [0x0000000800000000-0x0000000800bc0000-0x0000000800bc0000), size 12320768, SharedBaseAddress: 0x0000000800000000, ArchiveRelocationMode: 0.
Compressed class space mapped at: 0x0000000800c00000-0x0000000840c00000, reserved size: 1073741824
Narrow klass base: 0x0000000800000000, Narrow klass shift: 0, Narrow klass range: 0x100000000

GC Precious Log:
 CPUs: 16 total, 16 available
 Memory: 7530M
 Large Page Support: Disabled
 NUMA Support: Disabled
 Compressed Oops: Enabled (32-bit)
 Heap Region Size: 1M
 Heap Min Capacity: 8M
 Heap Initial Capacity: 118M
 Heap Max Capacity: 1884M
 Pre-touch: Disabled
 Parallel Workers: 13
 Concurrent Workers: 3
 Concurrent Refinement Workers: 13
 Periodic GC: Disabled

Heap:
 garbage-first heap   total 120832K, used 8192K [0x000000008a400000, 0x0000000100000000)
  region size 1024K, 9 young (9216K), 0 survivors (0K)
 Metaspace       used 3819K, committed 4032K, reserved 1056768K
  class space    used 374K, committed 512K, reserved 1048576K

Heap Regions: E=young(eden), S=young(survivor), O=old, HS=humongous(starts), HC=humongous(continues), CS=collection set, F=free, OA=open archive, CA=closed archive, TAMS=top-at-mark-start (previous, next)
|   0|0x000000008a400000, 0x000000008a400000, 0x000000008a500000|  0%| F|  |TAMS 0x000000008a400000, 0x000000008a400000| Untracked 
|   1|0x000000008a500000, 0x000000008a500000, 0x000000008a600000|  0%| F|  |TAMS 0x000000008a500000, 0x000000008a500000| Untracked 
|   2|0x000000008a600000, 0x000000008a600000, 0x000000008a700000|  0%| F|  |TAMS 0x000000008a600000, 0x000000008a600000| Untracked 
|   3|0x000000008a700000, 0x000000008a700000, 0x000000008a800000|  0%| F|  |TAMS 0x000000008a700000, 0x000000008a700000| Untracked 
|   4|0x000000008a800000, 0x000000008a800000, 0x000000008a900000|  0%| F|  |TAMS 0x000000008a800000, 0x000000008a800000| Untracked 
|   5|0x000000008a900000, 0x000000008a900000, 0x000000008aa00000|  0%| F|  |TAMS 0x000000008a900000, 0x000000008a900000| Untracked 
|   6|0x000000008aa00000, 0x000000008aa00000, 0x000000008ab00000|  0%| F|  |TAMS 0x000000008aa00000, 0x000000008aa00000| Untracked 
|   7|0x000000008ab00000, 0x000000008ab00000, 0x000000008ac00000|  0%| F|  |TAMS 0x000000008ab00000, 0x000000008ab00000| Untracked 
|   8|0x000000008ac00000, 0x000000008ac00000, 0x000000008ad00000|  0%| F|  |TAMS 0x000000008ac00000, 0x000000008ac00000| Untracked 
|   9|0x000000008ad00000, 0x000000008ad00000, 0x000000008ae00000|  0%| F|  |TAMS 0x000000008ad00000, 0x000000008ad00000| Untracked 
|  10|0x000000008ae00000, 0x000000008ae00000, 0x000000008af00000|  0%| F|  |TAMS 0x000000008ae00000, 0x000000008ae00000| Untracked 
|  11|0x000000008af00000, 0x000000008af00000, 0x000000008b000000|  0%| F|  |TAMS 0x000000008af00000, 0x000000008af00000| Untracked 
|  12|0x000000008b000000, 0x000000008b000000, 0x000000008b100000|  0%| F|  |TAMS 0x000000008b000000, 0x000000008b000000| Untracked 
|  13|0x000000008b100000, 0x000000008b100000, 0x000000008b200000|  0%| F|  |TAMS 0x000000008b100000, 0x000000008b100000| Untracked 
|  14|0x000000008b200000, 0x000000008b200000, 0x000000008b300000|  0%| F|  |TAMS 0x000000008b200000, 0x000000008b200000| Untracked 
|  15|0x000000008b300000, 0x000000008b300000, 0x000000008b400000|  0%| F|  |TAMS 0x000000008b300000, 0x000000008b300000| Untracked 
|  16|0x000000008b400000, 0x000000008b400000, 0x000000008b500000|  0%| F|  |TAMS 0x000000008b400000, 0x000000008b400000| Untracked 
|  17|0x000000008b500000, 0x000000008b500000, 0x000000008b600000|  0%| F|  |TAMS 0x000000008b500000, 0x000000008b500000| Untracked 
|  18|0x000000008b600000, 0x000000008b600000, 0x000000008b700000|  0%| F|  |TAMS 0x000000008b600000, 0x000000008b600000| Untracked 
|  19|0x000000008b700000, 0x000000008b700000, 0x000000008b800000|  0%| F|  |TAMS 0x000000008b700000, 0x000000008b700000| Untracked 
|  20|0x000000008b800000, 0x000000008b800000, 0x000000008b900000|  0%| F|  |TAMS 0x000000008b800000, 0x000000008b800000| Untracked 
|  21|0x000000008b900000, 0x000000008b900000, 0x000000008ba00000|  0%| F|  |TAMS 0x000000008b900000, 0x000000008b900000| Untracked 
|  22|0x000000008ba00000, 0x000000008ba00000, 0x000000008bb00000|  0%| F|  |TAMS 0x000000008ba00000, 0x000000008ba00000| Untracked 
|  23|0x000000008bb00000, 0x000000008bb00000, 0x000000008bc00000|  0%| F|  |TAMS 0x000000008bb00000, 0x000000008bb00000| Untracked 
|  24|0x000000008bc00000, 0x000000008bc00000, 0x000000008bd00000|  0%| F|  |TAMS 0x000000008bc00000, 0x000000008bc00000| Untracked 
|  25|0x000000008bd00000, 0x000000008bd00000, 0x000000008be00000|  0%| F|  |TAMS 0x000000008bd00000, 0x000000008bd00000| Untracked 
|  26|0x000000008be00000, 0x000000008be00000, 0x000000008bf00000|  0%| F|  |TAMS 0x000000008be00000, 0x000000008be00000| Untracked 
|  27|0x000000008bf00000, 0x000000008bf00000, 0x000000008c000000|  0%| F|  |TAMS 0x000000008bf00000, 0x000000008bf00000| Untracked 
|  28|0x000000008c000000, 0x000000008c000000, 0x000000008c100000|  0%| F|  |TAMS 0x000000008c000000, 0x000000008c000000| Untracked 
|  29|0x000000008c100000, 0x000000008c100000, 0x000000008c200000|  0%| F|  |TAMS 0x000000008c100000, 0x000000008c100000| Untracked 
|  30|0x000000008c200000, 0x000000008c200000, 0x000000008c300000|  0%| F|  |TAMS 0x000000008c200000, 0x000000008c200000| Untracked 
|  31|0x000000008c300000, 0x000000008c300000, 0x000000008c400000|  0%| F|  |TAMS 0x000000008c300000, 0x000000008c300000| Untracked 
|  32|0x000000008c400000, 0x000000008c400000, 0x000000008c500000|  0%| F|  |TAMS 0x000000008c400000, 0x000000008c400000| Untracked 
|  33|0x000000008c500000, 0x000000008c500000, 0x000000008c600000|  0%| F|  |TAMS 0x000000008c500000, 0x000000008c500000| Untracked 
|  34|0x000000008c600000, 0x000000008c600000, 0x000000008c700000|  0%| F|  |TAMS 0x000000008c600000, 0x000000008c600000| Untracked 
|  35|0x000000008c700000, 0x000000008c700000, 0x000000008c800000|  0%| F|  |TAMS 0x000000008c700000, 0x000000008c700000| Untracked 
|  36|0x000000008c800000, 0x000000008c800000, 0x000000008c900000|  0%| F|  |TAMS 0x000000008c800000, 0x000000008c800000| Untracked 
|  37|0x000000008c900000, 0x000000008c900000, 0x000000008ca00000|  0%| F|  |TAMS 0x000000008c900000, 0x000000008c900000| Untracked 
|  38|0x000000008ca00000, 0x000000008ca00000, 0x000000008cb00000|  0%| F|  |TAMS 0x000000008ca00000, 0x000000008ca00000| Untracked 
|  39|0x000000008cb00000, 0x000000008cb00000, 0x000000008cc00000|  0%| F|  |TAMS 0x000000008cb00000, 0x000000008cb00000| Untracked 
|  40|0x000000008cc00000, 0x000000008cc00000, 0x000000008cd00000|  0%| F|  |TAMS 0x000000008cc00000, 0x000000008cc00000| Untracked 
|  41|0x000000008cd00000, 0x000000008cd00000, 0x000000008ce00000|  0%| F|  |TAMS 0x000000008cd00000, 0x000000008cd00000| Untracked 
|  42|0x000000008ce00000, 0x000000008ce00000, 0x000000008cf00000|  0%| F|  |TAMS 0x000000008ce00000, 0x000000008ce00000| Untracked 
|  43|0x000000008cf00000, 0x000000008cf00000, 0x000000008d000000|  0%| F|  |TAMS 0x000000008cf00000, 0x000000008cf00000| Untracked 
|  44|0x000000008d000000, 0x000000008d000000, 0x000000008d100000|  0%| F|  |TAMS 0x000000008d000000, 0x000000008d000000| Untracked 
|  45|0x000000008d100000, 0x000000008d100000, 0x000000008d200000|  0%| F|  |TAMS 0x000000008d100000, 0x000000008d100000| Untracked 
|  46|0x000000008d200000, 0x000000008d200000, 0x000000008d300000|  0%| F|  |TAMS 0x000000008d200000, 0x000000008d200000| Untracked 
|  47|0x000000008d300000, 0x000000008d300000, 0x000000008d400000|  0%| F|  |TAMS 0x000000008d300000, 0x000000008d300000| Untracked 
|  48|0x000000008d400000, 0x000000008d400000, 0x000000008d500000|  0%| F|  |TAMS 0x000000008d400000, 0x000000008d400000| Untracked 
|  49|0x000000008d500000, 0x000000008d500000, 0x000000008d600000|  0%| F|  |TAMS 0x000000008d500000, 0x000000008d500000| Untracked 
|  50|0x000000008d600000, 0x000000008d600000, 0x000000008d700000|  0%| F|  |TAMS 0x000000008d600000, 0x000000008d600000| Untracked 
|  51|0x000000008d700000, 0x000000008d700000, 0x000000008d800000|  0%| F|  |TAMS 0x000000008d700000, 0x000000008d700000| Untracked 
|  52|0x000000008d800000, 0x000000008d800000, 0x000000008d900000|  0%| F|  |TAMS 0x000000008d800000, 0x000000008d800000| Untracked 
|  53|0x000000008d900000, 0x000000008d900000, 0x000000008da00000|  0%| F|  |TAMS 0x000000008d900000, 0x000000008d900000| Untracked 
|  54|0x000000008da00000, 0x000000008da00000, 0x000000008db00000|  0%| F|  |TAMS 0x000000008da00000, 0x000000008da00000| Untracked 
|  55|0x000000008db00000, 0x000000008db00000, 0x000000008dc00000|  0%| F|  |TAMS 0x000000008db00000, 0x000000008db00000| Untracked 
|  56|0x000000008dc00000, 0x000000008dc00000, 0x000000008dd00000|  0%| F|  |TAMS 0x000000008dc00000, 0x000000008dc00000| Untracked 
|  57|0x000000008dd00000, 0x000000008dd00000, 0x000000008de00000|  0%| F|  |TAMS 0x000000008dd00000, 0x000000008dd00000| Untracked 
|  58|0x000000008de00000, 0x000000008de00000, 0x000000008df00000|  0%| F|  |TAMS 0x000000008de00000, 0x000000008de00000| Untracked 
|  59|0x000000008df00000, 0x000000008df00000, 0x000000008e000000|  0%| F|  |TAMS 0x000000008df00000, 0x000000008df00000| Untracked 
|  60|0x000000008e000000, 0x000000008e000000, 0x000000008e100000|  0%| F|  |TAMS 0x000000008e000000, 0x000000008e000000| Untracked 
|  61|0x000000008e100000, 0x000000008e100000, 0x000000008e200000|  0%| F|  |TAMS 0x000000008e100000, 0x000000008e100000| Untracked 
|  62|0x000000008e200000, 0x000000008e200000, 0x000000008e300000|  0%| F|  |TAMS 0x000000008e200000, 0x000000008e200000| Untracked 
|  63|0x000000008e300000, 0x000000008e300000, 0x000000008e400000|  0%| F|  |TAMS 0x000000008e300000, 0x000000008e300000| Untracked 
|  64|0x000000008e400000, 0x000000008e400000, 0x000000008e500000|  0%| F|  |TAMS 0x000000008e400000, 0x000000008e400000| Untracked 
|  65|0x000000008e500000, 0x000000008e500000, 0x000000008e600000|  0%| F|  |TAMS 0x000000008e500000, 0x000000008e500000| Untracked 
|  66|0x000000008e600000, 0x000000008e600000, 0x000000008e700000|  0%| F|  |TAMS 0x000000008e600000, 0x000000008e600000| Untracked 
|  67|0x000000008e700000, 0x000000008e700000, 0x000000008e800000|  0%| F|  |TAMS 0x000000008e700000, 0x000000008e700000| Untracked 
|  68|0x000000008e800000, 0x000000008e800000, 0x000000008e900000|  0%| F|  |TAMS 0x000000008e800000, 0x000000008e800000| Untracked 
|  69|0x000000008e900000, 0x000000008e900000, 0x000000008ea00000|  0%| F|  |TAMS 0x000000008e900000, 0x000000008e900000| Untracked 
|  70|0x000000008ea00000, 0x000000008ea00000, 0x000000008eb00000|  0%| F|  |TAMS 0x000000008ea00000, 0x000000008ea00000| Untracked 
|  71|0x000000008eb00000, 0x000000008eb00000, 0x000000008ec00000|  0%| F|  |TAMS 0x000000008eb00000, 0x000000008eb00000| Untracked 
|  72|0x000000008ec00000, 0x000000008ec00000, 0x000000008ed00000|  0%| F|  |TAMS 0x000000008ec00000, 0x000000008ec00000| Untracked 
|  73|0x000000008ed00000, 0x000000008ed00000, 0x000000008ee00000|  0%| F|  |TAMS 0x000000008ed00000, 0x000000008ed00000| Untracked 
|  74|0x000000008ee00000, 0x000000008ee00000, 0x000000008ef00000|  0%| F|  |TAMS 0x000000008ee00000, 0x000000008ee00000| Untracked 
|  75|0x000000008ef00000, 0x000000008ef00000, 0x000000008f000000|  0%| F|  |TAMS 0x000000008ef00000, 0x000000008ef00000| Untracked 
|  76|0x000000008f000000, 0x000000008f000000, 0x000000008f100000|  0%| F|  |TAMS 0x000000008f000000, 0x000000008f000000| Untracked 
|  77|0x000000008f100000, 0x000000008f100000, 0x000000008f200000|  0%| F|  |TAMS 0x000000008f100000, 0x000000008f100000| Untracked 
|  78|0x000000008f200000, 0x000000008f200000, 0x000000008f300000|  0%| F|  |TAMS 0x000000008f200000, 0x000000008f200000| Untracked 
|  79|0x000000008f300000, 0x000000008f300000, 0x000000008f400000|  0%| F|  |TAMS 0x000000008f300000, 0x000000008f300000| Untracked 
|  80|0x000000008f400000, 0x000000008f400000, 0x000000008f500000|  0%| F|  |TAMS 0x000000008f400000, 0x000000008f400000| Untracked 
|  81|0x000000008f500000, 0x000000008f500000, 0x000000008f600000|  0%| F|  |TAMS 0x000000008f500000, 0x000000008f500000| Untracked 
|  82|0x000000008f600000, 0x000000008f600000, 0x000000008f700000|  0%| F|  |TAMS 0x000000008f600000, 0x000000008f600000| Untracked 
|  83|0x000000008f700000, 0x000000008f700000, 0x000000008f800000|  0%| F|  |TAMS 0x000000008f700000, 0x000000008f700000| Untracked 
|  84|0x000000008f800000, 0x000000008f800000, 0x000000008f900000|  0%| F|  |TAMS 0x000000008f800000, 0x000000008f800000| Untracked 
|  85|0x000000008f900000, 0x000000008f900000, 0x000000008fa00000|  0%| F|  |TAMS 0x000000008f900000, 0x000000008f900000| Untracked 
|  86|0x000000008fa00000, 0x000000008fa00000, 0x000000008fb00000|  0%| F|  |TAMS 0x000000008fa00000, 0x000000008fa00000| Untracked 
|  87|0x000000008fb00000, 0x000000008fb00000, 0x000000008fc00000|  0%| F|  |TAMS 0x000000008fb00000, 0x000000008fb00000| Untracked 
|  88|0x000000008fc00000, 0x000000008fc00000, 0x000000008fd00000|  0%| F|  |TAMS 0x000000008fc00000, 0x000000008fc00000| Untracked 
|  89|0x000000008fd00000, 0x000000008fd00000, 0x000000008fe00000|  0%| F|  |TAMS 0x000000008fd00000, 0x000000008fd00000| Untracked 
|  90|0x000000008fe00000, 0x000000008fe00000, 0x000000008ff00000|  0%| F|  |TAMS 0x000000008fe00000, 0x000000008fe00000| Untracked 
|  91|0x000000008ff00000, 0x000000008ff00000, 0x0000000090000000|  0%| F|  |TAMS 0x000000008ff00000, 0x000000008ff00000| Untracked 
|  92|0x0000000090000000, 0x0000000090000000, 0x0000000090100000|  0%| F|  |TAMS 0x0000000090000000, 0x0000000090000000| Untracked 
|  93|0x0000000090100000, 0x0000000090100000, 0x0000000090200000|  0%| F|  |TAMS 0x0000000090100000, 0x0000000090100000| Untracked 
|  94|0x0000000090200000, 0x0000000090200000, 0x0000000090300000|  0%| F|  |TAMS 0x0000000090200000, 0x0000000090200000| Untracked 
|  95|0x0000000090300000, 0x0000000090300000, 0x0000000090400000|  0%| F|  |TAMS 0x0000000090300000, 0x0000000090300000| Untracked 
|  96|0x0000000090400000, 0x0000000090400000, 0x0000000090500000|  0%| F|  |TAMS 0x0000000090400000, 0x0000000090400000| Untracked 
|  97|0x0000000090500000, 0x0000000090500000, 0x0000000090600000|  0%| F|  |TAMS 0x0000000090500000, 0x0000000090500000| Untracked 
|  98|0x0000000090600000, 0x0000000090600000, 0x0000000090700000|  0%| F|  |TAMS 0x0000000090600000, 0x0000000090600000| Untracked 
|  99|0x0000000090700000, 0x0000000090700000, 0x0000000090800000|  0%| F|  |TAMS 0x0000000090700000, 0x0000000090700000| Untracked 
| 100|0x0000000090800000, 0x0000000090800000, 0x0000000090900000|  0%| F|  |TAMS 0x0000000090800000, 0x0000000090800000| Untracked 
| 101|0x0000000090900000, 0x0000000090900000, 0x0000000090a00000|  0%| F|  |TAMS 0x0000000090900000, 0x0000000090900000| Untracked 
| 102|0x0000000090a00000, 0x0000000090a00000, 0x0000000090b00000|  0%| F|  |TAMS 0x0000000090a00000, 0x0000000090a00000| Untracked 
| 103|0x0000000090b00000, 0x0000000090b00000, 0x0000000090c00000|  0%| F|  |TAMS 0x0000000090b00000, 0x0000000090b00000| Untracked 
| 104|0x0000000090c00000, 0x0000000090c00000, 0x0000000090d00000|  0%| F|  |TAMS 0x0000000090c00000, 0x0000000090c00000| Untracked 
| 105|0x0000000090d00000, 0x0000000090d00000, 0x0000000090e00000|  0%| F|  |TAMS 0x0000000090d00000, 0x0000000090d00000| Untracked 
| 106|0x0000000090e00000, 0x0000000090e00000, 0x0000000090f00000|  0%| F|  |TAMS 0x0000000090e00000, 0x0000000090e00000| Untracked 
| 107|0x0000000090f00000, 0x0000000090f00000, 0x0000000091000000|  0%| F|  |TAMS 0x0000000090f00000, 0x0000000090f00000| Untracked 
| 108|0x0000000091000000, 0x0000000091000000, 0x0000000091100000|  0%| F|  |TAMS 0x0000000091000000, 0x0000000091000000| Untracked 
| 109|0x0000000091100000, 0x0000000091176438, 0x0000000091200000| 46%| E|  |TAMS 0x0000000091100000, 0x0000000091100000| Complete 
| 110|0x0000000091200000, 0x0000000091300000, 0x0000000091300000|100%| E|CS|TAMS 0x0000000091200000, 0x0000000091200000| Complete 
| 111|0x0000000091300000, 0x0000000091400000, 0x0000000091400000|100%| E|CS|TAMS 0x0000000091300000, 0x0000000091300000| Complete 
| 112|0x0000000091400000, 0x0000000091500000, 0x0000000091500000|100%| E|CS|TAMS 0x0000000091400000, 0x0000000091400000| Complete 
| 113|0x0000000091500000, 0x0000000091600000, 0x0000000091600000|100%| E|CS|TAMS 0x0000000091500000, 0x0000000091500000| Complete 
| 114|0x0000000091600000, 0x0000000091700000, 0x0000000091700000|100%| E|CS|TAMS 0x0000000091600000, 0x0000000091600000| Complete 
| 115|0x0000000091700000, 0x0000000091800000, 0x0000000091800000|100%| E|CS|TAMS 0x0000000091700000, 0x0000000091700000| Complete 
| 116|0x0000000091800000, 0x0000000091900000, 0x0000000091900000|100%| E|CS|TAMS 0x0000000091800000, 0x0000000091800000| Complete 
| 117|0x0000000091900000, 0x0000000091a00000, 0x0000000091a00000|100%| E|CS|TAMS 0x0000000091900000, 0x0000000091900000| Complete 

Card table byte_map: [0x0000021045870000,0x0000021045c20000] _byte_map_base: 0x000002104541e000

Marking Bits (Prev, Next): (CMBitMap*) 0x000002102e45acd0, (CMBitMap*) 0x000002102e45ad10
 Prev Bits: [0x0000021045fd0000, 0x0000021047d40000)
 Next Bits: [0x0000021047d40000, 0x0000021049ab0000)

Polling page: 0x000002102c370000

Metaspace:

Usage:
  Non-class:      3.36 MB used.
      Class:    374.18 KB used.
       Both:      3.73 MB used.

Virtual space:
  Non-class space:        8.00 MB reserved,       3.44 MB ( 43%) committed,  1 nodes.
      Class space:        1.00 GB reserved,     512.00 KB ( <1%) committed,  1 nodes.
             Both:        1.01 GB reserved,       3.94 MB ( <1%) committed. 

Chunk freelists:
   Non-Class:  3.61 MB
       Class:  3.56 MB
        Both:  7.17 MB

MaxMetaspaceSize: unlimited
CompressedClassSpaceSize: 1.00 GB
Initial GC threshold: 21.00 MB
Current GC threshold: 21.00 MB
CDS: on
MetaspaceReclaimPolicy: balanced
 - commit_granule_bytes: 65536.
 - commit_granule_words: 8192.
 - virtual_space_node_default_size: 1048576.
 - enlarge_chunks_in_place: 1.
 - new_chunks_are_fully_committed: 0.
 - uncommit_free_chunks: 1.
 - use_allocation_guard: 0.
 - handle_deallocations: 1.


Internal statistics:

num_allocs_failed_limit: 0.
num_arena_births: 40.
num_arena_deaths: 0.
num_vsnodes_births: 2.
num_vsnodes_deaths: 0.
num_space_committed: 63.
num_space_uncommitted: 0.
num_chunks_returned_to_freelist: 0.
num_chunks_taken_from_freelist: 81.
num_chunk_merges: 0.
num_chunk_splits: 45.
num_chunks_enlarged: 22.
num_purges: 0.
num_inconsistent_stats: 0.

CodeHeap 'non-profiled nmethods': size=119168Kb used=190Kb max_used=190Kb free=118978Kb
 bounds [0x000002103d7d0000, 0x000002103da40000, 0x0000021044c30000]
CodeHeap 'profiled nmethods': size=119104Kb used=968Kb max_used=968Kb free=118135Kb
 bounds [0x0000021036380000, 0x00000210365f0000, 0x000002103d7d0000]
CodeHeap 'non-nmethods': size=7488Kb used=1213Kb max_used=2346Kb free=6275Kb
 bounds [0x0000021035c30000, 0x0000021035ea0000, 0x0000021036380000]
 total_blobs=1069 nmethods=639 adapters=343
 compilation: enabled
              stopped_count=0, restarted_count=0
 full_count=0

Compilation events (20 events):
Event: 17.329 Thread 0x000002104ca028b0 nmethod 631 0x0000021036469790 code [0x0000021036469960, 0x0000021036469d78]
Event: 17.329 Thread 0x000002104ca028b0  637       3       java.nio.Buffer::remaining (20 bytes)
Event: 17.329 Thread 0x000002104ca028b0 nmethod 637 0x0000021036469e90 code [0x000002103646a020, 0x000002103646a1b8]
Event: 17.329 Thread 0x000002104ca028b0  638       3       java.nio.Buffer::<init> (105 bytes)
Event: 17.330 Thread 0x000002104c9f9e00 nmethod 624 0x000002103d7ff310 code [0x000002103d7ff4a0, 0x000002103d7ff638]
Event: 17.330 Thread 0x000002104ca028b0 nmethod 638 0x000002103646a290 code [0x000002103646a560, 0x000002103646b0f8]
Event: 17.330 Thread 0x000002104ca028b0  632       3       java.io.BufferedOutputStream::flushBuffer (29 bytes)
Event: 17.330 Thread 0x000002104ca028b0 nmethod 632 0x000002103646b510 code [0x000002103646b6c0, 0x000002103646b8e8]
Event: 17.330 Thread 0x000002104ca028b0  633       3       java.lang.String::getChars (54 bytes)
Event: 17.330 Thread 0x000002104ca028b0 nmethod 633 0x000002103646b990 code [0x000002103646bb80, 0x000002103646c018]
Event: 17.331 Thread 0x000002104ca028b0  634       3       java.lang.StringLatin1::getChars (12 bytes)
Event: 17.331 Thread 0x000002104ca028b0 nmethod 634 0x000002103646c210 code [0x000002103646c3a0, 0x000002103646c4e8]
Event: 17.331 Thread 0x000002104ca028b0  635       3       java.nio.CharBuffer::<init> (24 bytes)
Event: 17.331 Thread 0x000002104ca028b0 nmethod 635 0x000002103646c590 code [0x000002103646c740, 0x000002103646c928]
Event: 17.331 Thread 0x000002104ca028b0  636       3       java.nio.CharBuffer::hasArray (20 bytes)
Event: 17.331 Thread 0x000002104ca028b0 nmethod 636 0x000002103646ca10 code [0x000002103646cba0, 0x000002103646cd58]
Event: 17.331 Thread 0x000002104ca028b0  639   !   3       java.io.PrintStream::write (83 bytes)
Event: 17.332 Thread 0x000002104ca028b0 nmethod 639 0x000002103646ce10 code [0x000002103646d0c0, 0x000002103646dd38]
Event: 20.289 Thread 0x000002104ca028b0  640       3       sun.nio.cs.SingleByte$Encoder::encodeArrayLoop (233 bytes)
Event: 20.291 Thread 0x000002104ca028b0 nmethod 640 0x000002103646e410 code [0x000002103646e980, 0x0000021036471158]

GC Heap History (0 events):
No events

Deoptimization events (20 events):
Event: 0.786 Thread 0x000002102e4212c0 DEOPT PACKING pc=0x000002103640bfb4 sp=0x000000ee46bfc400
Event: 0.786 Thread 0x000002102e4212c0 DEOPT UNPACKING pc=0x0000021035c82b43 sp=0x000000ee46bfb868 mode 0
Event: 0.797 Thread 0x000002102e4212c0 DEOPT PACKING pc=0x000002103640bfb4 sp=0x000000ee46bf8670
Event: 0.797 Thread 0x000002102e4212c0 DEOPT UNPACKING pc=0x0000021035c82b43 sp=0x000000ee46bf7ad8 mode 0
Event: 0.797 Thread 0x000002102e4212c0 DEOPT PACKING pc=0x000002103640bfb4 sp=0x000000ee46bf8670
Event: 0.797 Thread 0x000002102e4212c0 DEOPT UNPACKING pc=0x0000021035c82b43 sp=0x000000ee46bf7ad8 mode 0
Event: 0.798 Thread 0x000002102e4212c0 DEOPT PACKING pc=0x000002103640bfb4 sp=0x000000ee46bf8670
Event: 0.798 Thread 0x000002102e4212c0 DEOPT UNPACKING pc=0x0000021035c82b43 sp=0x000000ee46bf7ad8 mode 0
Event: 0.830 Thread 0x000002102e4212c0 Uncommon trap: trap_request=0xffffff45 fr.pc=0x000002103d7dc524 relative=0x0000000000000224
Event: 0.830 Thread 0x000002102e4212c0 Uncommon trap: reason=unstable_if action=reinterpret pc=0x000002103d7dc524 method=java.lang.String.isLatin1()Z @ 10 c2
Event: 0.830 Thread 0x000002102e4212c0 DEOPT PACKING pc=0x000002103d7dc524 sp=0x000000ee46bfca70
Event: 0.830 Thread 0x000002102e4212c0 DEOPT UNPACKING pc=0x0000021035c823a3 sp=0x000000ee46bfc9b0 mode 2
Event: 0.830 Thread 0x000002102e4212c0 Uncommon trap: trap_request=0xffffff45 fr.pc=0x000002103d7d7760 relative=0x0000000000000060
Event: 0.830 Thread 0x000002102e4212c0 Uncommon trap: reason=unstable_if action=reinterpret pc=0x000002103d7d7760 method=java.lang.String.isLatin1()Z @ 10 c2
Event: 0.830 Thread 0x000002102e4212c0 DEOPT PACKING pc=0x000002103d7d7760 sp=0x000000ee46bfca00
Event: 0.830 Thread 0x000002102e4212c0 DEOPT UNPACKING pc=0x0000021035c823a3 sp=0x000000ee46bfc9a0 mode 2
Event: 0.836 Thread 0x000002102e4212c0 Uncommon trap: trap_request=0xffffff45 fr.pc=0x000002103d7e3b48 relative=0x0000000000000048
Event: 0.836 Thread 0x000002102e4212c0 Uncommon trap: reason=unstable_if action=reinterpret pc=0x000002103d7e3b48 method=java.lang.CharacterData.of(I)Ljava/lang/CharacterData; @ 4 c2
Event: 0.836 Thread 0x000002102e4212c0 DEOPT PACKING pc=0x000002103d7e3b48 sp=0x000000ee46bfe850
Event: 0.836 Thread 0x000002102e4212c0 DEOPT UNPACKING pc=0x0000021035c823a3 sp=0x000000ee46bfe7f0 mode 2

Classes unloaded (0 events):
No events

Classes redefined (1 events):
Event: 188.077 Thread 0x000002104c9d1b60 redefined class name=com.suji.train.repository.TrainRepository, count=1

Internal exceptions (4 events):
Event: 0.145 Thread 0x000002102e4212c0 Exception <a 'java/lang/NoSuchMethodError'{0x000000009181d3e0}: 'void java.lang.invoke.DirectMethodHandle$Holder.invokeVirtual(java.lang.Object, java.lang.Object)'> (0x000000009181d3e0) 
thrown [t:\workspace\open\src\hotspot\share\interpreter\linkResolver.cpp, line 766]
Event: 2.870 Thread 0x000002102e4212c0 Exception <a 'sun/nio/fs/WindowsException'{0x00000000912075f0}> (0x00000000912075f0) 
thrown [t:\workspace\open\src\hotspot\share\prims\jni.cpp, line 516]
Event: 2.871 Thread 0x000002102e4212c0 Exception <a 'java/lang/NoSuchMethodError'{0x00000000912114a8}: 'java.lang.Object java.lang.invoke.DirectMethodHandle$Holder.invokeStaticInit(java.lang.Object)'> (0x00000000912114a8) 
thrown [t:\workspace\open\src\hotspot\share\interpreter\linkResolver.cpp, line 766]
Event: 17.319 Thread 0x000002102e4212c0 Exception <a 'java/lang/NoSuchMethodError'{0x0000000091141308}: static Lcom/suji/train/entity/PassengerSeats;.<clinit>()V> (0x0000000091141308) 
thrown [t:\workspace\open\src\hotspot\share\prims\jni.cpp, line 1107]

VM Operations (20 events):
Event: 94.581 Executing VM operation: get/set locals
Event: 94.582 Executing VM operation: get/set locals done
Event: 119.315 Executing VM operation: get/set locals
Event: 119.315 Executing VM operation: get/set locals done
Event: 188.070 Executing VM operation: ChangeSingleStep
Event: 188.070 Executing VM operation: ChangeSingleStep done
Event: 188.070 Executing VM operation: ChangeSingleStep
Event: 188.070 Executing VM operation: ChangeSingleStep done
Event: 188.075 Executing VM operation: RedefineClasses
Event: 188.080 Executing VM operation: RedefineClasses done
Event: 188.097 Executing VM operation: ChangeBreakpoints
Event: 188.097 Executing VM operation: ChangeBreakpoints done
Event: 188.098 Executing VM operation: ChangeBreakpoints
Event: 188.098 Executing VM operation: ChangeBreakpoints done
Event: 188.112 Executing VM operation: ChangeBreakpoints
Event: 188.112 Executing VM operation: ChangeBreakpoints done
Event: 188.118 Executing VM operation: ChangeSingleStep
Event: 188.118 Executing VM operation: ChangeSingleStep done
Event: 188.122 Executing VM operation: ChangeSingleStep
Event: 188.122 Executing VM operation: ChangeSingleStep done

Events (20 events):
Event: 17.309 loading class java/util/HashMap$UnsafeHolder
Event: 17.309 loading class java/util/HashMap$UnsafeHolder done
Event: 17.312 loading class java/lang/NumberFormatException
Event: 17.312 loading class java/lang/NumberFormatException done
Event: 17.318 loading class java/io/ObjectStreamClass$1
Event: 17.318 loading class java/io/ObjectStreamClass$1 done
Event: 17.318 loading class java/io/DataOutputStream
Event: 17.318 loading class java/io/DataOutputStream done
Event: 17.319 loading class java/io/ObjectStreamClass$MemberSignature
Event: 17.319 loading class java/io/ObjectStreamClass$MemberSignature done
Event: 17.319 loading class java/io/ObjectStreamClass$3
Event: 17.319 loading class java/io/ObjectStreamClass$3 done
Event: 17.319 loading class java/io/ObjectStreamClass$4
Event: 17.319 loading class java/io/ObjectStreamClass$4 done
Event: 17.319 loading class java/io/ObjectStreamClass$5
Event: 17.319 loading class java/io/ObjectStreamClass$5 done
Event: 17.319 loading class sun/security/provider/SHA
Event: 17.319 loading class sun/security/provider/SHA done
Event: 17.324 loading class java/util/Formatter$FixedString
Event: 17.324 loading class java/util/Formatter$FixedString done


Dynamic libraries:
0x00007ff7534d0000 - 0x00007ff7534e0000 	C:\Program Files\Java\jdk-17.0.1\bin\javaw.exe
0x00007ffc12dc0000 - 0x00007ffc12fc9000 	C:\WINDOWS\SYSTEM32\ntdll.dll
0x00007ffc12310000 - 0x00007ffc123cd000 	C:\WINDOWS\System32\KERNEL32.DLL
0x00007ffc108e0000 - 0x00007ffc10c59000 	C:\WINDOWS\System32\KERNELBASE.dll
0x00007ffc10380000 - 0x00007ffc10491000 	C:\WINDOWS\System32\ucrtbase.dll
0x00007ffbe8f40000 - 0x00007ffbe8f58000 	C:\Program Files\Java\jdk-17.0.1\bin\jli.dll
0x00007ffc10c60000 - 0x00007ffc10d0e000 	C:\WINDOWS\System32\ADVAPI32.dll
0x00007ffc123d0000 - 0x00007ffc12473000 	C:\WINDOWS\System32\msvcrt.dll
0x00007ffc116c0000 - 0x00007ffc1175e000 	C:\WINDOWS\System32\sechost.dll
0x00007ffc10d10000 - 0x00007ffc10e30000 	C:\WINDOWS\System32\RPCRT4.dll
0x00007ffc11c10000 - 0x00007ffc11dbc000 	C:\WINDOWS\System32\USER32.dll
0x00007ffc102b0000 - 0x00007ffc102d6000 	C:\WINDOWS\System32\win32u.dll
0x00007ffc11ee0000 - 0x00007ffc11f09000 	C:\WINDOWS\System32\GDI32.dll
0x00007ffc10740000 - 0x00007ffc10852000 	C:\WINDOWS\System32\gdi32full.dll
0x00007ffc102e0000 - 0x00007ffc1037d000 	C:\WINDOWS\System32\msvcp_win.dll
0x00007ffbe8910000 - 0x00007ffbe892a000 	C:\Program Files\Java\jdk-17.0.1\bin\VCRUNTIME140.dll
0x00007ffbf72d0000 - 0x00007ffbf7575000 	C:\WINDOWS\WinSxS\amd64_microsoft.windows.common-controls_6595b64144ccf1df_6.0.22000.120_none_9d947278b86cc467\COMCTL32.dll
0x00007ffc07b70000 - 0x00007ffc07b7a000 	C:\WINDOWS\SYSTEM32\VERSION.dll
0x00007ffc11ae0000 - 0x00007ffc11b11000 	C:\WINDOWS\System32\IMM32.DLL
0x00007ffc0c9b0000 - 0x00007ffc0c9bc000 	C:\Program Files\Java\jdk-17.0.1\bin\vcruntime140_1.dll
0x00007ffbce4e0000 - 0x00007ffbce56d000 	C:\Program Files\Java\jdk-17.0.1\bin\msvcp140.dll
0x00007ffbd3180000 - 0x00007ffbd3d3e000 	C:\Program Files\Java\jdk-17.0.1\bin\server\jvm.dll
0x00007ffc12230000 - 0x00007ffc12238000 	C:\WINDOWS\System32\PSAPI.DLL
0x00007ffbfae20000 - 0x00007ffbfae29000 	C:\WINDOWS\SYSTEM32\WSOCK32.dll
0x00007ffc12240000 - 0x00007ffc122af000 	C:\WINDOWS\System32\WS2_32.dll
0x00007ffc0a2e0000 - 0x00007ffc0a313000 	C:\WINDOWS\SYSTEM32\WINMM.dll
0x00007ffc0f3b0000 - 0x00007ffc0f3c8000 	C:\WINDOWS\SYSTEM32\kernel.appcore.dll
0x00007ffc0aa90000 - 0x00007ffc0aa9a000 	C:\Program Files\Java\jdk-17.0.1\bin\jimage.dll
0x00007ffc0dff0000 - 0x00007ffc0e211000 	C:\WINDOWS\SYSTEM32\DBGHELP.DLL
0x00007ffbfbb50000 - 0x00007ffbfbb81000 	C:\WINDOWS\SYSTEM32\dbgcore.DLL
0x00007ffc10860000 - 0x00007ffc108df000 	C:\WINDOWS\System32\bcryptPrimitives.dll
0x00007ffc0aaa0000 - 0x00007ffc0aadb000 	C:\Program Files\Java\jdk-17.0.1\bin\jdwp.dll
0x00007ffc0c960000 - 0x00007ffc0c96e000 	C:\Program Files\Java\jdk-17.0.1\bin\instrument.dll
0x00007ffbf3f00000 - 0x00007ffbf3f25000 	C:\Program Files\Java\jdk-17.0.1\bin\java.dll
0x00007ffbdf820000 - 0x00007ffbdf8f6000 	C:\Program Files\Java\jdk-17.0.1\bin\svml.dll
0x00007ffc10e30000 - 0x00007ffc115df000 	C:\WINDOWS\System32\SHELL32.dll
0x00007ffc0e3a0000 - 0x00007ffc0ec08000 	C:\WINDOWS\SYSTEM32\windows.storage.dll
0x00007ffc11760000 - 0x00007ffc11ad8000 	C:\WINDOWS\System32\combase.dll
0x00007ffc0e230000 - 0x00007ffc0e396000 	C:\WINDOWS\SYSTEM32\wintypes.dll
0x00007ffc12120000 - 0x00007ffc1220a000 	C:\WINDOWS\System32\SHCORE.dll
0x00007ffc12b60000 - 0x00007ffc12bbd000 	C:\WINDOWS\System32\shlwapi.dll
0x00007ffc101e0000 - 0x00007ffc10201000 	C:\WINDOWS\SYSTEM32\profapi.dll
0x00007ffbff030000 - 0x00007ffbff049000 	C:\Program Files\Java\jdk-17.0.1\bin\net.dll
0x00007ffc099a0000 - 0x00007ffc09aac000 	C:\WINDOWS\SYSTEM32\WINHTTP.dll
0x00007ffc0f7e0000 - 0x00007ffc0f847000 	C:\WINDOWS\system32\mswsock.dll
0x00007ffbfda00000 - 0x00007ffbfda15000 	C:\Program Files\Java\jdk-17.0.1\bin\nio.dll
0x00007ffc0c950000 - 0x00007ffc0c95c000 	C:\Program Files\Java\jdk-17.0.1\bin\dt_socket.dll
0x00007ffc0ee50000 - 0x00007ffc0ee7d000 	C:\WINDOWS\SYSTEM32\IPHLPAPI.DLL
0x00007ffc0ee80000 - 0x00007ffc0ef68000 	C:\WINDOWS\SYSTEM32\DNSAPI.dll
0x00007ffc12590000 - 0x00007ffc12599000 	C:\WINDOWS\System32\NSI.dll
0x00007ffc01640000 - 0x00007ffc0164a000 	C:\Windows\System32\rasadhlp.dll
0x00007ffc079a0000 - 0x00007ffc07a21000 	C:\WINDOWS\System32\fwpuclnt.dll
0x00007ffbf5650000 - 0x00007ffbf5668000 	C:\Program Files\Java\jdk-17.0.1\bin\zip.dll
0x00007ffc00fd0000 - 0x00007ffc00fe0000 	C:\Program Files\Java\jdk-17.0.1\bin\verify.dll

dbghelp: loaded successfully - version: 4.0.5 - missing functions: none
symbol engine: initialized successfully - sym options: 0x614 - pdb path: .;C:\Program Files\Java\jdk-17.0.1\bin;C:\WINDOWS\SYSTEM32;C:\WINDOWS\WinSxS\amd64_microsoft.windows.common-controls_6595b64144ccf1df_6.0.22000.120_none_9d947278b86cc467;C:\Program Files\Java\jdk-17.0.1\bin\server

VM Arguments:
jvm_args: -XX:+ShowCodeDetailsInExceptionMessages -agentlib:jdwp=transport=dt_socket,suspend=y,address=localhost:2154 -javaagent:C:\Users\USER\eclipse\jee-2021-12\eclipse\configuration\org.eclipse.osgi\421\0\.cp\lib\javaagent-shaded.jar -Dfile.encoding=Cp1252 --module-path=D:\suji workspace\TrainTicketReservation\bin -Djdk.module.main=TrainTicketReservation 
java_command: TrainTicketReservation/com.suji.train.Main
java_class_path (initial): <not set>
Launcher Type: SUN_STANDARD

[Global flags]
     intx CICompilerCount                          = 12                                        {product} {ergonomic}
     uint ConcGCThreads                            = 3                                         {product} {ergonomic}
     uint G1ConcRefinementThreads                  = 13                                        {product} {ergonomic}
   size_t G1HeapRegionSize                         = 1048576                                   {product} {ergonomic}
    uintx GCDrainStackTargetSize                   = 64                                        {product} {ergonomic}
   size_t InitialHeapSize                          = 123731968                                 {product} {ergonomic}
   size_t MarkStackSize                            = 4194304                                   {product} {ergonomic}
   size_t MaxHeapSize                              = 1975517184                                {product} {ergonomic}
   size_t MaxNewSize                               = 1184890880                                {product} {ergonomic}
   size_t MinHeapDeltaBytes                        = 1048576                                   {product} {ergonomic}
   size_t MinHeapSize                              = 8388608                                   {product} {ergonomic}
    uintx NonNMethodCodeHeapSize                   = 7602480                                {pd product} {ergonomic}
    uintx NonProfiledCodeHeapSize                  = 122027880                              {pd product} {ergonomic}
    uintx ProfiledCodeHeapSize                     = 122027880                              {pd product} {ergonomic}
    uintx ReservedCodeCacheSize                    = 251658240                              {pd product} {ergonomic}
     bool SegmentedCodeCache                       = true                                      {product} {ergonomic}
     bool ShowCodeDetailsInExceptionMessages       = true                                   {manageable} {command line}
   size_t SoftMaxHeapSize                          = 1975517184                             {manageable} {ergonomic}
     bool UseCompressedClassPointers               = true                           {product lp64_product} {ergonomic}
     bool UseCompressedOops                        = true                           {product lp64_product} {ergonomic}
     bool UseG1GC                                  = true                                      {product} {ergonomic}
     bool UseLargePagesIndividualAllocation        = false                                  {pd product} {ergonomic}

Logging:
Log output configuration:
 #0: stdout all=warning uptime,level,tags
 #1: stderr all=off uptime,level,tags

Environment Variables:
JAVA_HOME=C:\Program Files\Java\jdk-17.0.1
PATH=C:/Program Files/Java/jdk-17.0.1/bin/server;C:/Program Files/Java/jdk-17.0.1/bin;C:\Program Files\Common Files\Oracle\Java\javapath;C:\WINDOWS\system32;C:\WINDOWS;C:\WINDOWS\System32\Wbem;C:\WINDOWS\System32\WindowsPowerShell\v1.0\;C:\WINDOWS\System32\OpenSSH\;C:\Program Files\Git\cmd;C:\Users\USER\AppData\Local\Microsoft\WindowsApps;C:\Users\USER\AppData\Local\GitHubDesktop\bin;C:\WINDOWS\System32;
USERNAME=USER
OS=Windows_NT
PROCESSOR_IDENTIFIER=AMD64 Family 23 Model 104 Stepping 1, AuthenticAMD



---------------  S Y S T E M  ---------------

OS:
 Windows 10 , 64 bit Build 22000 (10.0.22000.675)
OS uptime: 8 days 10:47 hours

CPU: total 16 (initial active 16) (16 cores per cpu, 2 threads per core) family 23 model 104 stepping 1 microcode 0x0, cx8, cmov, fxsr, ht, mmx, 3dnowpref, sse, sse2, sse3, ssse3, sse4a, sse4.1, sse4.2, popcnt, lzcnt, tsc, tscinvbit, avx, avx2, aes, clmul, bmi1, bmi2, adx, sha, fma, vzeroupper, clflush, clflushopt

Memory: 4k page, system-wide physical 7530M (2762M free)
TotalPageFile size 10106M (AvailPageFile size 3602M)
current process WorkingSet (physical memory assigned to process): 48M, peak: 49M
current process commit charge ("private bytes"): 214M, peak: 218M

vm_info: Java HotSpot(TM) 64-Bit Server VM (17.0.1+12-LTS-39) for windows-amd64 JRE (17.0.1+12-LTS-39), built on Sep 27 2021 18:41:35 by "mach5one" with MS VC++ 16.8 (VS2019)

END.
