#
# A fatal error has been detected by the Java Runtime Environment:
#
#  EXCEPTION_ACCESS_VIOLATION (0xc0000005) at pc=0x00007ffbc49abffa, pid=10188, tid=21796
#
# JRE version: Java(TM) SE Runtime Environment (17.0.1+12) (build 17.0.1+12-LTS-39)
# Java VM: Java HotSpot(TM) 64-Bit Server VM (17.0.1+12-LTS-39, mixed mode, sharing, tiered, compressed oops, compressed class ptrs, g1 gc, windows-amd64)
# Problematic frame:
# V  [jvm.dll+0x73bffa]
#
# No core dump will be written. Minidumps are not enabled by default on client versions of Windows
#
# If you would like to submit a bug report, please visit:
#   https://bugreport.java.com/bugreport/crash.jsp
#

---------------  S U M M A R Y ------------

Command Line: -XX:+ShowCodeDetailsInExceptionMessages -agentlib:jdwp=transport=dt_socket,suspend=y,address=localhost:13560 -javaagent:C:\Users\USER\eclipse\jee-2021-12\eclipse\configuration\org.eclipse.osgi\421\0\.cp\lib\javaagent-shaded.jar -Dfile.encoding=Cp1252 --module-path=D:\suji workspace\TrainTicketReservation\bin -Djdk.module.main=TrainTicketReservation TrainTicketReservation/com.suji.train.Main

Host: AMD Ryzen 7 5700U with Radeon Graphics         , 16 cores, 7G,  Windows 10 , 64 bit Build 22000 (10.0.22000.675)
Time: Wed Jun 15 18:49:53 2022 India Standard Time elapsed time: 208.387796 seconds (0d 0h 3m 28s)

---------------  T H R E A D  ---------------

Current thread (0x000002853bd6db70):  JavaThread "JDWP Transport Listener: dt_socket" daemon [_thread_in_vm, id=21796, stack(0x0000008f4b500000,0x0000008f4b600000)]

Stack: [0x0000008f4b500000,0x0000008f4b600000],  sp=0x0000008f4b5ff7f0,  free space=1021k
Native frames: (J=compiled Java code, j=interpreted, Vv=VM code, C=native code)
V  [jvm.dll+0x73bffa]
V  [jvm.dll+0x50483c]
V  [jvm.dll+0x4d0154]
C  [jdwp.dll+0x22e9f]


siginfo: EXCEPTION_ACCESS_VIOLATION (0xc0000005), reading address 0x0000000000ac00ae


Register to memory mapping:

RIP=0x00007ffbc49abffa jvm.dll
RAX=0x00000000000000ad is an unknown value
RBX=0x000002853bc80e02 points into unknown readable memory: 61 69 6e 2f 65 6e
RCX=0x0000000000ac00aa is an unknown value
RDX=0x000002853be7c610 points into unknown readable memory: 0x6a75732f6d6f634c | 4c 63 6f 6d 2f 73 75 6a
RSP=0x0000008f4b5ff7f0 is pointing into the stack for thread: 0x000002853bd6db70
RBP=0x000002853bd66ae0 points into unknown readable memory: 0x0000000000000002 | 02 00 00 00 00 00 00 00
RSI=0x0 is NULL
RDI=0xffffffffffffffff is an unknown value
R8 =0x00000000000000dc is an unknown value
R9 =0x000000000000003e is an unknown value
R10=0x00000000000000c0 is an unknown value
R11=0x0000008f4b5ff810 is pointing into the stack for thread: 0x000002853bd6db70
R12=0x0000008f4b5ff948 is pointing into the stack for thread: 0x000002853bd6db70
R13=0x0 is NULL
R14=0x0000000800c072e0 is a pointer to class: 
com.suji.train.repository.UserBookingRepository {0x0000000800c072e8}
 - instance size:     3
 - klass size:        83
 - access:            public synchronized 
 - state:             fully_initialized
 - name:              'com/suji/train/repository/UserBookingRepository'
 - super:             'com/suji/train/repository/AbstractRepository'
 - sub:               
 - arrays:            NULL
 - methods:           Array<T>(0x000002853b855888)
 - method ordering:   Array<T>(0x000002853b856238)
 - default_methods:   Array<T>(0x0000000000000000)
 - local interfaces:  Array<T>(0x00000008005af218)
 - trans. interfaces: Array<T>(0x000002853b83ffe8)
 - constants:         constant pool [193] {0x000002853b856f98} for 'com/suji/train/repository/UserBookingRepository' cache=0x000002853b857668
 - class loader data:  loader data: 0x000002853bc253f0 for instance a 'jdk/internal/loader/ClassLoaders$AppClassLoader'{0x0000000091967138}
 - source file:       'UserBookingRepository.java'
 - source debug extension:       SMAP
UserBookingRepository.java
Java
*S jdt
*F
1 UserBookingRepository.java
2 file:/D:/suji%20workspace/TrainTicketReservation/bin/
*L
*E

 - class annotations:       Array<T>(0x0000000000000000)
 - class type annotations:  Array<T>(0x0000000000000000)
 - field annotations:       Array<T>(0x0000000000000000)
 - field type annotations:  Array<T>(0x0000000000000000)
 - generic signature: '
[error occurred during error reporting (printing register info), id 0xc0000005, EXCEPTION_ACCESS_VIOLATION (0xc0000005) at pc=0x00007ffbc49acc06]

Registers:
RAX=0x00000000000000ad, RBX=0x000002853bc80e02, RCX=0x0000000000ac00aa, RDX=0x000002853be7c610
RSP=0x0000008f4b5ff7f0, RBP=0x000002853bd66ae0, RSI=0x0000000000000000, RDI=0xffffffffffffffff
R8 =0x00000000000000dc, R9 =0x000000000000003e, R10=0x00000000000000c0, R11=0x0000008f4b5ff810
R12=0x0000008f4b5ff948, R13=0x0000000000000000, R14=0x0000000800c072e0, R15=0x0000008f4b5ff998
RIP=0x00007ffbc49abffa, EFLAGS=0x0000000000010206

Top of Stack: (sp=0x0000008f4b5ff7f0)
0x0000008f4b5ff7f0:   000000000000002f 0000000800c072e0
0x0000008f4b5ff800:   000002853bd6db70 0000000000000000
0x0000008f4b5ff810:   ffffffffffffffff 00007ffbc477483c
0x0000008f4b5ff820:   000002853bc80e02 000002853bc80dd0
0x0000008f4b5ff830:   000002853bd66ae0 000002853c5de3d0
0x0000008f4b5ff840:   000002853bc80d90 00000000000003d8
0x0000008f4b5ff850:   000002853bc80da0 000002853bc81178
0x0000008f4b5ff860:   0000000000000002 0000008f4b5ff948
0x0000008f4b5ff870:   0000000000000000 0000000000000000
0x0000008f4b5ff880:   0000000091291210 00007ffbc4740154
0x0000008f4b5ff890:   000002853bd6db70 0000008f4b5ff998
0x0000008f4b5ff8a0:   000002851aa2e9a0 0000008f4b5ff998
0x0000008f4b5ff8b0:   000002853bd6db70 0000000000000000
0x0000008f4b5ff8c0:   0000028500000000 0000000000000000
0x0000008f4b5ff8d0:   000000000000000d 00007ffbfb4b2e9f
0x0000008f4b5ff8e0:   0000008f4b5ff990 00007ffbfb4c1830 

Instructions: (pc=0x00007ffbc49abffa)
0x00007ffbc49abefa:   48 83 c4 20 5f e9 cc 86 96 ff cc cc cc cc cc cc
0x00007ffbc49abf0a:   cc cc cc cc cc cc 48 89 5c 24 08 57 48 83 ec 20
0x00007ffbc49abf1a:   83 fa 02 8d 42 06 b9 08 00 00 00 49 8b d8 0f 4e
0x00007ffbc49abf2a:   c1 48 63 c8 48 83 c1 07 83 e1 f8 48 63 f9 49 8b
0x00007ffbc49abf3a:   48 18 48 8b c7 48 f7 d0 48 3b c1 73 16 4c 8d 05
0x00007ffbc49abf4a:   7a 47 17 00 48 8b d7 48 8b cb e8 d7 e9 96 ff 48
0x00007ffbc49abf5a:   8b 4b 18 48 8d 04 39 48 3b 43 20 76 18 45 33 c0
0x00007ffbc49abf6a:   48 8b d7 48 8b cb 48 8b 5c 24 30 48 83 c4 20 5f
0x00007ffbc49abf7a:   e9 31 e6 96 ff 48 89 43 18 48 8b c1 48 8b 5c 24
0x00007ffbc49abf8a:   30 48 83 c4 20 5f c3 cc cc cc cc cc cc cc cc cc
0x00007ffbc49abf9a:   cc cc cc cc cc cc 4c 8b d2 4c 8b d9 45 85 c0 7e
0x00007ffbc49abfaa:   3c 44 0f b7 49 04 41 8d 40 ff 41 3b c1 44 0f 4c
0x00007ffbc49abfba:   c8 4d 63 c1 45 85 c9 7e 1f 48 8b c2 4c 2b da 49
0x00007ffbc49abfca:   8b d0 0f 1f 40 00 41 0f b6 4c 03 06 88 08 48 8d
0x00007ffbc49abfda:   40 01 48 83 ea 01 75 ee 43 c6 04 10 00 49 8b c2
0x00007ffbc49abfea:   c3 cc cc cc cc cc 48 89 5c 24 08 57 48 83 ec 20
0x00007ffbc49abffa:   0f b7 59 04 48 8b f9 33 d2 48 8d 4b 01 e8 14 9b
0x00007ffbc49ac00a:   f8 ff 0f b7 57 04 4c 8b c0 3b da 0f 42 d3 44 8b
0x00007ffbc49ac01a:   ca 85 d2 74 39 48 2b f8 0f 1f 40 00 66 66 0f 1f
0x00007ffbc49ac02a:   84 00 00 00 00 00 0f b6 4c 07 06 88 08 48 ff c0
0x00007ffbc49ac03a:   48 8b c8 49 2b c8 49 3b c9 7c eb 42 c6 04 02 00
0x00007ffbc49ac04a:   49 8b c0 48 8b 5c 24 30 48 83 c4 20 5f c3 48 8b
0x00007ffbc49ac05a:   5c 24 30 c6 04 02 00 48 83 c4 20 5f c3 cc cc cc
0x00007ffbc49ac06a:   cc cc cc cc cc cc 4c 8b d1 45 85 c0 7e 6c 44 0f
0x00007ffbc49ac07a:   b7 49 04 41 8d 40 ff 41 3b c1 44 0f 4c c8 4d 63
0x00007ffbc49ac08a:   d9 45 85 c9 7e 22 48 8b ca 4c 2b d2 4d 8b c3 0f
0x00007ffbc49ac09a:   1f 80 00 00 00 00 41 0f b6 44 0a 06 88 01 48 8d
0x00007ffbc49ac0aa:   49 01 49 83 e8 01 75 ee 41 c6 04 13 00 48 c7 c0
0x00007ffbc49ac0ba:   ff ff ff ff 66 90 48 ff c0 80 3c 02 00 75 f7 48
0x00007ffbc49ac0ca:   63 c8 85 c0 48 8b c2 7e 14 80 38 2f 75 03 c6 00
0x00007ffbc49ac0da:   2e 48 ff c0 48 83 e9 01 75 ef 48 8b c2 c3 cc cc
0x00007ffbc49ac0ea:   cc cc cc cc cc cc 48 83 ec 28 e8 f7 fe ff ff 4c 


Stack slot to memory mapping:
stack at sp + 0 slots: 0x000000000000002f is an unknown value
stack at sp + 1 slots: 0x0000000800c072e0 is a pointer to class: 
com.suji.train.repository.UserBookingRepository {0x0000000800c072e8}
 - instance size:     3
 - klass size:        83
 - access:            public synchronized 
 - state:             fully_initialized
 - name:              'com/suji/train/repository/UserBookingRepository'
 - super:             'com/suji/train/repository/AbstractRepository'
 - sub:               
 - arrays:            NULL
 - methods:           Array<T>(0x000002853b855888)
 - method ordering:   Array<T>(0x000002853b856238)
 - default_methods:   Array<T>(0x0000000000000000)
 - local interfaces:  Array<T>(0x00000008005af218)
 - trans. interfaces: Array<T>(0x000002853b83ffe8)
 - constants:         constant pool [193] {0x000002853b856f98} for 'com/suji/train/repository/UserBookingRepository' cache=0x000002853b857668
 - class loader data:  loader data: 0x000002853bc253f0 for instance a 'jdk/internal/loader/ClassLoaders$AppClassLoader'{0x0000000091967138}
 - source file:       'UserBookingRepository.java'
 - source debug extension:       SMAP
UserBookingRepository.java
Java
*S jdt
*F
1 UserBookingRepository.java
2 file:/D:/suji%20workspace/TrainTicketReservation/bin/
*L
*E

 - class annotations:       Array<T>(0x0000000000000000)
 - class type annotations:  Array<T>(0x0000000000000000)
 - field annotations:       Array<T>(0x0000000000000000)
 - field type annotations:  Array<T>(0x0000000000000000)
 - generic signature: '
[error occurred during error reporting (inspecting top of stack), id 0xc0000005, EXCEPTION_ACCESS_VIOLATION (0xc0000005) at pc=0x00007ffbc49acc06]


---------------  P R O C E S S  ---------------

Threads class SMR info:
_java_thread_list=0x000002853c5dd800, length=15, elements={
0x000002851cabd270, 0x000002853b149730, 0x000002853b14a3a0, 0x000002853b162760,
0x000002853b164120, 0x000002853b164ad0, 0x000002853b168980, 0x000002853b16b3f0,
0x000002853b173ea0, 0x000002853b18f050, 0x000002853b135a40, 0x000002853bd6db70,
0x000002853bd73a30, 0x000002853bd74110, 0x000002853c601680
}

Java Threads: ( => current thread )
  0x000002851cabd270 JavaThread "main" [_thread_blocked, id=4168, stack(0x0000008f4a200000,0x0000008f4a300000)]
  0x000002853b149730 JavaThread "Reference Handler" daemon [_thread_blocked, id=13404, stack(0x0000008f4a900000,0x0000008f4aa00000)]
  0x000002853b14a3a0 JavaThread "Finalizer" daemon [_thread_blocked, id=12964, stack(0x0000008f4aa00000,0x0000008f4ab00000)]
  0x000002853b162760 JavaThread "Signal Dispatcher" daemon [_thread_blocked, id=16180, stack(0x0000008f4ab00000,0x0000008f4ac00000)]
  0x000002853b164120 JavaThread "Attach Listener" daemon [_thread_blocked, id=10584, stack(0x0000008f4ac00000,0x0000008f4ad00000)]
  0x000002853b164ad0 JavaThread "Service Thread" daemon [_thread_blocked, id=1384, stack(0x0000008f4ad00000,0x0000008f4ae00000)]
  0x000002853b168980 JavaThread "Monitor Deflation Thread" daemon [_thread_blocked, id=21540, stack(0x0000008f4ae00000,0x0000008f4af00000)]
  0x000002853b16b3f0 JavaThread "C2 CompilerThread0" daemon [_thread_blocked, id=13620, stack(0x0000008f4af00000,0x0000008f4b000000)]
  0x000002853b173ea0 JavaThread "C1 CompilerThread0" daemon [_thread_blocked, id=19076, stack(0x0000008f4b000000,0x0000008f4b100000)]
  0x000002853b18f050 JavaThread "Sweeper thread" daemon [_thread_blocked, id=8032, stack(0x0000008f4b100000,0x0000008f4b200000)]
  0x000002853b135a40 JavaThread "Common-Cleaner" daemon [_thread_blocked, id=17776, stack(0x0000008f4b200000,0x0000008f4b300000)]
=>0x000002853bd6db70 JavaThread "JDWP Transport Listener: dt_socket" daemon [_thread_in_vm, id=21796, stack(0x0000008f4b500000,0x0000008f4b600000)]
  0x000002853bd73a30 JavaThread "JDWP Event Helper Thread" daemon [_thread_blocked, id=18348, stack(0x0000008f4b600000,0x0000008f4b700000)]
  0x000002853bd74110 JavaThread "JDWP Command Reader" daemon [_thread_in_native, id=16804, stack(0x0000008f4b700000,0x0000008f4b800000)]
  0x000002853c601680 JavaThread "Notification Thread" daemon [_thread_blocked, id=17048, stack(0x0000008f4ba00000,0x0000008f4bb00000)]

Other Threads:
  0x000002853b145c40 VMThread "VM Thread" [stack: 0x0000008f4a800000,0x0000008f4a900000] [id=19788]
  0x000002853c4cdeb0 WatcherThread [stack: 0x0000008f4bb00000,0x0000008f4bc00000] [id=9652]
  0x000002851cafa3d0 GCTaskThread "GC Thread#0" [stack: 0x0000008f4a300000,0x0000008f4a400000] [id=14704]
  0x000002851cb09e90 ConcurrentGCThread "G1 Main Marker" [stack: 0x0000008f4a400000,0x0000008f4a500000] [id=23540]
  0x000002851cb0b040 ConcurrentGCThread "G1 Conc#0" [stack: 0x0000008f4a500000,0x0000008f4a600000] [id=20180]
  0x000002851cb9acf0 ConcurrentGCThread "G1 Refine#0" [stack: 0x0000008f4a600000,0x0000008f4a700000] [id=3904]
  0x000002851cb9b710 ConcurrentGCThread "G1 Service" [stack: 0x0000008f4a700000,0x0000008f4a800000] [id=1788]

Threads with active compile tasks:

VM state: not at safepoint (normal execution)

VM Mutex/Monitor currently owned by a thread: None

Heap address: 0x000000008a400000, size: 1884 MB, Compressed Oops mode: 32-bit

CDS archive(s) mapped at: [0x0000000800000000-0x0000000800bc0000-0x0000000800bc0000), size 12320768, SharedBaseAddress: 0x0000000800000000, ArchiveRelocationMode: 0.
Compressed class space mapped at: 0x0000000800c00000-0x0000000840c00000, reserved size: 1073741824
Narrow klass base: 0x0000000800000000, Narrow klass shift: 0, Narrow klass range: 0x100000000

GC Precious Log:
 CPUs: 16 total, 16 available
 Memory: 7530M
 Large Page Support: Disabled
 NUMA Support: Disabled
 Compressed Oops: Enabled (32-bit)
 Heap Region Size: 1M
 Heap Min Capacity: 8M
 Heap Initial Capacity: 118M
 Heap Max Capacity: 1884M
 Pre-touch: Disabled
 Parallel Workers: 13
 Concurrent Workers: 3
 Concurrent Refinement Workers: 13
 Periodic GC: Disabled

Heap:
 garbage-first heap   total 120832K, used 7168K [0x000000008a400000, 0x0000000100000000)
  region size 1024K, 8 young (8192K), 0 survivors (0K)
 Metaspace       used 3734K, committed 3904K, reserved 1056768K
  class space    used 364K, committed 448K, reserved 1048576K

Heap Regions: E=young(eden), S=young(survivor), O=old, HS=humongous(starts), HC=humongous(continues), CS=collection set, F=free, OA=open archive, CA=closed archive, TAMS=top-at-mark-start (previous, next)
|   0|0x000000008a400000, 0x000000008a400000, 0x000000008a500000|  0%| F|  |TAMS 0x000000008a400000, 0x000000008a400000| Untracked 
|   1|0x000000008a500000, 0x000000008a500000, 0x000000008a600000|  0%| F|  |TAMS 0x000000008a500000, 0x000000008a500000| Untracked 
|   2|0x000000008a600000, 0x000000008a600000, 0x000000008a700000|  0%| F|  |TAMS 0x000000008a600000, 0x000000008a600000| Untracked 
|   3|0x000000008a700000, 0x000000008a700000, 0x000000008a800000|  0%| F|  |TAMS 0x000000008a700000, 0x000000008a700000| Untracked 
|   4|0x000000008a800000, 0x000000008a800000, 0x000000008a900000|  0%| F|  |TAMS 0x000000008a800000, 0x000000008a800000| Untracked 
|   5|0x000000008a900000, 0x000000008a900000, 0x000000008aa00000|  0%| F|  |TAMS 0x000000008a900000, 0x000000008a900000| Untracked 
|   6|0x000000008aa00000, 0x000000008aa00000, 0x000000008ab00000|  0%| F|  |TAMS 0x000000008aa00000, 0x000000008aa00000| Untracked 
|   7|0x000000008ab00000, 0x000000008ab00000, 0x000000008ac00000|  0%| F|  |TAMS 0x000000008ab00000, 0x000000008ab00000| Untracked 
|   8|0x000000008ac00000, 0x000000008ac00000, 0x000000008ad00000|  0%| F|  |TAMS 0x000000008ac00000, 0x000000008ac00000| Untracked 
|   9|0x000000008ad00000, 0x000000008ad00000, 0x000000008ae00000|  0%| F|  |TAMS 0x000000008ad00000, 0x000000008ad00000| Untracked 
|  10|0x000000008ae00000, 0x000000008ae00000, 0x000000008af00000|  0%| F|  |TAMS 0x000000008ae00000, 0x000000008ae00000| Untracked 
|  11|0x000000008af00000, 0x000000008af00000, 0x000000008b000000|  0%| F|  |TAMS 0x000000008af00000, 0x000000008af00000| Untracked 
|  12|0x000000008b000000, 0x000000008b000000, 0x000000008b100000|  0%| F|  |TAMS 0x000000008b000000, 0x000000008b000000| Untracked 
|  13|0x000000008b100000, 0x000000008b100000, 0x000000008b200000|  0%| F|  |TAMS 0x000000008b100000, 0x000000008b100000| Untracked 
|  14|0x000000008b200000, 0x000000008b200000, 0x000000008b300000|  0%| F|  |TAMS 0x000000008b200000, 0x000000008b200000| Untracked 
|  15|0x000000008b300000, 0x000000008b300000, 0x000000008b400000|  0%| F|  |TAMS 0x000000008b300000, 0x000000008b300000| Untracked 
|  16|0x000000008b400000, 0x000000008b400000, 0x000000008b500000|  0%| F|  |TAMS 0x000000008b400000, 0x000000008b400000| Untracked 
|  17|0x000000008b500000, 0x000000008b500000, 0x000000008b600000|  0%| F|  |TAMS 0x000000008b500000, 0x000000008b500000| Untracked 
|  18|0x000000008b600000, 0x000000008b600000, 0x000000008b700000|  0%| F|  |TAMS 0x000000008b600000, 0x000000008b600000| Untracked 
|  19|0x000000008b700000, 0x000000008b700000, 0x000000008b800000|  0%| F|  |TAMS 0x000000008b700000, 0x000000008b700000| Untracked 
|  20|0x000000008b800000, 0x000000008b800000, 0x000000008b900000|  0%| F|  |TAMS 0x000000008b800000, 0x000000008b800000| Untracked 
|  21|0x000000008b900000, 0x000000008b900000, 0x000000008ba00000|  0%| F|  |TAMS 0x000000008b900000, 0x000000008b900000| Untracked 
|  22|0x000000008ba00000, 0x000000008ba00000, 0x000000008bb00000|  0%| F|  |TAMS 0x000000008ba00000, 0x000000008ba00000| Untracked 
|  23|0x000000008bb00000, 0x000000008bb00000, 0x000000008bc00000|  0%| F|  |TAMS 0x000000008bb00000, 0x000000008bb00000| Untracked 
|  24|0x000000008bc00000, 0x000000008bc00000, 0x000000008bd00000|  0%| F|  |TAMS 0x000000008bc00000, 0x000000008bc00000| Untracked 
|  25|0x000000008bd00000, 0x000000008bd00000, 0x000000008be00000|  0%| F|  |TAMS 0x000000008bd00000, 0x000000008bd00000| Untracked 
|  26|0x000000008be00000, 0x000000008be00000, 0x000000008bf00000|  0%| F|  |TAMS 0x000000008be00000, 0x000000008be00000| Untracked 
|  27|0x000000008bf00000, 0x000000008bf00000, 0x000000008c000000|  0%| F|  |TAMS 0x000000008bf00000, 0x000000008bf00000| Untracked 
|  28|0x000000008c000000, 0x000000008c000000, 0x000000008c100000|  0%| F|  |TAMS 0x000000008c000000, 0x000000008c000000| Untracked 
|  29|0x000000008c100000, 0x000000008c100000, 0x000000008c200000|  0%| F|  |TAMS 0x000000008c100000, 0x000000008c100000| Untracked 
|  30|0x000000008c200000, 0x000000008c200000, 0x000000008c300000|  0%| F|  |TAMS 0x000000008c200000, 0x000000008c200000| Untracked 
|  31|0x000000008c300000, 0x000000008c300000, 0x000000008c400000|  0%| F|  |TAMS 0x000000008c300000, 0x000000008c300000| Untracked 
|  32|0x000000008c400000, 0x000000008c400000, 0x000000008c500000|  0%| F|  |TAMS 0x000000008c400000, 0x000000008c400000| Untracked 
|  33|0x000000008c500000, 0x000000008c500000, 0x000000008c600000|  0%| F|  |TAMS 0x000000008c500000, 0x000000008c500000| Untracked 
|  34|0x000000008c600000, 0x000000008c600000, 0x000000008c700000|  0%| F|  |TAMS 0x000000008c600000, 0x000000008c600000| Untracked 
|  35|0x000000008c700000, 0x000000008c700000, 0x000000008c800000|  0%| F|  |TAMS 0x000000008c700000, 0x000000008c700000| Untracked 
|  36|0x000000008c800000, 0x000000008c800000, 0x000000008c900000|  0%| F|  |TAMS 0x000000008c800000, 0x000000008c800000| Untracked 
|  37|0x000000008c900000, 0x000000008c900000, 0x000000008ca00000|  0%| F|  |TAMS 0x000000008c900000, 0x000000008c900000| Untracked 
|  38|0x000000008ca00000, 0x000000008ca00000, 0x000000008cb00000|  0%| F|  |TAMS 0x000000008ca00000, 0x000000008ca00000| Untracked 
|  39|0x000000008cb00000, 0x000000008cb00000, 0x000000008cc00000|  0%| F|  |TAMS 0x000000008cb00000, 0x000000008cb00000| Untracked 
|  40|0x000000008cc00000, 0x000000008cc00000, 0x000000008cd00000|  0%| F|  |TAMS 0x000000008cc00000, 0x000000008cc00000| Untracked 
|  41|0x000000008cd00000, 0x000000008cd00000, 0x000000008ce00000|  0%| F|  |TAMS 0x000000008cd00000, 0x000000008cd00000| Untracked 
|  42|0x000000008ce00000, 0x000000008ce00000, 0x000000008cf00000|  0%| F|  |TAMS 0x000000008ce00000, 0x000000008ce00000| Untracked 
|  43|0x000000008cf00000, 0x000000008cf00000, 0x000000008d000000|  0%| F|  |TAMS 0x000000008cf00000, 0x000000008cf00000| Untracked 
|  44|0x000000008d000000, 0x000000008d000000, 0x000000008d100000|  0%| F|  |TAMS 0x000000008d000000, 0x000000008d000000| Untracked 
|  45|0x000000008d100000, 0x000000008d100000, 0x000000008d200000|  0%| F|  |TAMS 0x000000008d100000, 0x000000008d100000| Untracked 
|  46|0x000000008d200000, 0x000000008d200000, 0x000000008d300000|  0%| F|  |TAMS 0x000000008d200000, 0x000000008d200000| Untracked 
|  47|0x000000008d300000, 0x000000008d300000, 0x000000008d400000|  0%| F|  |TAMS 0x000000008d300000, 0x000000008d300000| Untracked 
|  48|0x000000008d400000, 0x000000008d400000, 0x000000008d500000|  0%| F|  |TAMS 0x000000008d400000, 0x000000008d400000| Untracked 
|  49|0x000000008d500000, 0x000000008d500000, 0x000000008d600000|  0%| F|  |TAMS 0x000000008d500000, 0x000000008d500000| Untracked 
|  50|0x000000008d600000, 0x000000008d600000, 0x000000008d700000|  0%| F|  |TAMS 0x000000008d600000, 0x000000008d600000| Untracked 
|  51|0x000000008d700000, 0x000000008d700000, 0x000000008d800000|  0%| F|  |TAMS 0x000000008d700000, 0x000000008d700000| Untracked 
|  52|0x000000008d800000, 0x000000008d800000, 0x000000008d900000|  0%| F|  |TAMS 0x000000008d800000, 0x000000008d800000| Untracked 
|  53|0x000000008d900000, 0x000000008d900000, 0x000000008da00000|  0%| F|  |TAMS 0x000000008d900000, 0x000000008d900000| Untracked 
|  54|0x000000008da00000, 0x000000008da00000, 0x000000008db00000|  0%| F|  |TAMS 0x000000008da00000, 0x000000008da00000| Untracked 
|  55|0x000000008db00000, 0x000000008db00000, 0x000000008dc00000|  0%| F|  |TAMS 0x000000008db00000, 0x000000008db00000| Untracked 
|  56|0x000000008dc00000, 0x000000008dc00000, 0x000000008dd00000|  0%| F|  |TAMS 0x000000008dc00000, 0x000000008dc00000| Untracked 
|  57|0x000000008dd00000, 0x000000008dd00000, 0x000000008de00000|  0%| F|  |TAMS 0x000000008dd00000, 0x000000008dd00000| Untracked 
|  58|0x000000008de00000, 0x000000008de00000, 0x000000008df00000|  0%| F|  |TAMS 0x000000008de00000, 0x000000008de00000| Untracked 
|  59|0x000000008df00000, 0x000000008df00000, 0x000000008e000000|  0%| F|  |TAMS 0x000000008df00000, 0x000000008df00000| Untracked 
|  60|0x000000008e000000, 0x000000008e000000, 0x000000008e100000|  0%| F|  |TAMS 0x000000008e000000, 0x000000008e000000| Untracked 
|  61|0x000000008e100000, 0x000000008e100000, 0x000000008e200000|  0%| F|  |TAMS 0x000000008e100000, 0x000000008e100000| Untracked 
|  62|0x000000008e200000, 0x000000008e200000, 0x000000008e300000|  0%| F|  |TAMS 0x000000008e200000, 0x000000008e200000| Untracked 
|  63|0x000000008e300000, 0x000000008e300000, 0x000000008e400000|  0%| F|  |TAMS 0x000000008e300000, 0x000000008e300000| Untracked 
|  64|0x000000008e400000, 0x000000008e400000, 0x000000008e500000|  0%| F|  |TAMS 0x000000008e400000, 0x000000008e400000| Untracked 
|  65|0x000000008e500000, 0x000000008e500000, 0x000000008e600000|  0%| F|  |TAMS 0x000000008e500000, 0x000000008e500000| Untracked 
|  66|0x000000008e600000, 0x000000008e600000, 0x000000008e700000|  0%| F|  |TAMS 0x000000008e600000, 0x000000008e600000| Untracked 
|  67|0x000000008e700000, 0x000000008e700000, 0x000000008e800000|  0%| F|  |TAMS 0x000000008e700000, 0x000000008e700000| Untracked 
|  68|0x000000008e800000, 0x000000008e800000, 0x000000008e900000|  0%| F|  |TAMS 0x000000008e800000, 0x000000008e800000| Untracked 
|  69|0x000000008e900000, 0x000000008e900000, 0x000000008ea00000|  0%| F|  |TAMS 0x000000008e900000, 0x000000008e900000| Untracked 
|  70|0x000000008ea00000, 0x000000008ea00000, 0x000000008eb00000|  0%| F|  |TAMS 0x000000008ea00000, 0x000000008ea00000| Untracked 
|  71|0x000000008eb00000, 0x000000008eb00000, 0x000000008ec00000|  0%| F|  |TAMS 0x000000008eb00000, 0x000000008eb00000| Untracked 
|  72|0x000000008ec00000, 0x000000008ec00000, 0x000000008ed00000|  0%| F|  |TAMS 0x000000008ec00000, 0x000000008ec00000| Untracked 
|  73|0x000000008ed00000, 0x000000008ed00000, 0x000000008ee00000|  0%| F|  |TAMS 0x000000008ed00000, 0x000000008ed00000| Untracked 
|  74|0x000000008ee00000, 0x000000008ee00000, 0x000000008ef00000|  0%| F|  |TAMS 0x000000008ee00000, 0x000000008ee00000| Untracked 
|  75|0x000000008ef00000, 0x000000008ef00000, 0x000000008f000000|  0%| F|  |TAMS 0x000000008ef00000, 0x000000008ef00000| Untracked 
|  76|0x000000008f000000, 0x000000008f000000, 0x000000008f100000|  0%| F|  |TAMS 0x000000008f000000, 0x000000008f000000| Untracked 
|  77|0x000000008f100000, 0x000000008f100000, 0x000000008f200000|  0%| F|  |TAMS 0x000000008f100000, 0x000000008f100000| Untracked 
|  78|0x000000008f200000, 0x000000008f200000, 0x000000008f300000|  0%| F|  |TAMS 0x000000008f200000, 0x000000008f200000| Untracked 
|  79|0x000000008f300000, 0x000000008f300000, 0x000000008f400000|  0%| F|  |TAMS 0x000000008f300000, 0x000000008f300000| Untracked 
|  80|0x000000008f400000, 0x000000008f400000, 0x000000008f500000|  0%| F|  |TAMS 0x000000008f400000, 0x000000008f400000| Untracked 
|  81|0x000000008f500000, 0x000000008f500000, 0x000000008f600000|  0%| F|  |TAMS 0x000000008f500000, 0x000000008f500000| Untracked 
|  82|0x000000008f600000, 0x000000008f600000, 0x000000008f700000|  0%| F|  |TAMS 0x000000008f600000, 0x000000008f600000| Untracked 
|  83|0x000000008f700000, 0x000000008f700000, 0x000000008f800000|  0%| F|  |TAMS 0x000000008f700000, 0x000000008f700000| Untracked 
|  84|0x000000008f800000, 0x000000008f800000, 0x000000008f900000|  0%| F|  |TAMS 0x000000008f800000, 0x000000008f800000| Untracked 
|  85|0x000000008f900000, 0x000000008f900000, 0x000000008fa00000|  0%| F|  |TAMS 0x000000008f900000, 0x000000008f900000| Untracked 
|  86|0x000000008fa00000, 0x000000008fa00000, 0x000000008fb00000|  0%| F|  |TAMS 0x000000008fa00000, 0x000000008fa00000| Untracked 
|  87|0x000000008fb00000, 0x000000008fb00000, 0x000000008fc00000|  0%| F|  |TAMS 0x000000008fb00000, 0x000000008fb00000| Untracked 
|  88|0x000000008fc00000, 0x000000008fc00000, 0x000000008fd00000|  0%| F|  |TAMS 0x000000008fc00000, 0x000000008fc00000| Untracked 
|  89|0x000000008fd00000, 0x000000008fd00000, 0x000000008fe00000|  0%| F|  |TAMS 0x000000008fd00000, 0x000000008fd00000| Untracked 
|  90|0x000000008fe00000, 0x000000008fe00000, 0x000000008ff00000|  0%| F|  |TAMS 0x000000008fe00000, 0x000000008fe00000| Untracked 
|  91|0x000000008ff00000, 0x000000008ff00000, 0x0000000090000000|  0%| F|  |TAMS 0x000000008ff00000, 0x000000008ff00000| Untracked 
|  92|0x0000000090000000, 0x0000000090000000, 0x0000000090100000|  0%| F|  |TAMS 0x0000000090000000, 0x0000000090000000| Untracked 
|  93|0x0000000090100000, 0x0000000090100000, 0x0000000090200000|  0%| F|  |TAMS 0x0000000090100000, 0x0000000090100000| Untracked 
|  94|0x0000000090200000, 0x0000000090200000, 0x0000000090300000|  0%| F|  |TAMS 0x0000000090200000, 0x0000000090200000| Untracked 
|  95|0x0000000090300000, 0x0000000090300000, 0x0000000090400000|  0%| F|  |TAMS 0x0000000090300000, 0x0000000090300000| Untracked 
|  96|0x0000000090400000, 0x0000000090400000, 0x0000000090500000|  0%| F|  |TAMS 0x0000000090400000, 0x0000000090400000| Untracked 
|  97|0x0000000090500000, 0x0000000090500000, 0x0000000090600000|  0%| F|  |TAMS 0x0000000090500000, 0x0000000090500000| Untracked 
|  98|0x0000000090600000, 0x0000000090600000, 0x0000000090700000|  0%| F|  |TAMS 0x0000000090600000, 0x0000000090600000| Untracked 
|  99|0x0000000090700000, 0x0000000090700000, 0x0000000090800000|  0%| F|  |TAMS 0x0000000090700000, 0x0000000090700000| Untracked 
| 100|0x0000000090800000, 0x0000000090800000, 0x0000000090900000|  0%| F|  |TAMS 0x0000000090800000, 0x0000000090800000| Untracked 
| 101|0x0000000090900000, 0x0000000090900000, 0x0000000090a00000|  0%| F|  |TAMS 0x0000000090900000, 0x0000000090900000| Untracked 
| 102|0x0000000090a00000, 0x0000000090a00000, 0x0000000090b00000|  0%| F|  |TAMS 0x0000000090a00000, 0x0000000090a00000| Untracked 
| 103|0x0000000090b00000, 0x0000000090b00000, 0x0000000090c00000|  0%| F|  |TAMS 0x0000000090b00000, 0x0000000090b00000| Untracked 
| 104|0x0000000090c00000, 0x0000000090c00000, 0x0000000090d00000|  0%| F|  |TAMS 0x0000000090c00000, 0x0000000090c00000| Untracked 
| 105|0x0000000090d00000, 0x0000000090d00000, 0x0000000090e00000|  0%| F|  |TAMS 0x0000000090d00000, 0x0000000090d00000| Untracked 
| 106|0x0000000090e00000, 0x0000000090e00000, 0x0000000090f00000|  0%| F|  |TAMS 0x0000000090e00000, 0x0000000090e00000| Untracked 
| 107|0x0000000090f00000, 0x0000000090f00000, 0x0000000091000000|  0%| F|  |TAMS 0x0000000090f00000, 0x0000000090f00000| Untracked 
| 108|0x0000000091000000, 0x0000000091000000, 0x0000000091100000|  0%| F|  |TAMS 0x0000000091000000, 0x0000000091000000| Untracked 
| 109|0x0000000091100000, 0x0000000091100000, 0x0000000091200000|  0%| F|  |TAMS 0x0000000091100000, 0x0000000091100000| Untracked 
| 110|0x0000000091200000, 0x00000000912ed1b8, 0x0000000091300000| 92%| E|  |TAMS 0x0000000091200000, 0x0000000091200000| Complete 
| 111|0x0000000091300000, 0x0000000091400000, 0x0000000091400000|100%| E|CS|TAMS 0x0000000091300000, 0x0000000091300000| Complete 
| 112|0x0000000091400000, 0x0000000091500000, 0x0000000091500000|100%| E|CS|TAMS 0x0000000091400000, 0x0000000091400000| Complete 
| 113|0x0000000091500000, 0x0000000091600000, 0x0000000091600000|100%| E|CS|TAMS 0x0000000091500000, 0x0000000091500000| Complete 
| 114|0x0000000091600000, 0x0000000091700000, 0x0000000091700000|100%| E|CS|TAMS 0x0000000091600000, 0x0000000091600000| Complete 
| 115|0x0000000091700000, 0x0000000091800000, 0x0000000091800000|100%| E|CS|TAMS 0x0000000091700000, 0x0000000091700000| Complete 
| 116|0x0000000091800000, 0x0000000091900000, 0x0000000091900000|100%| E|CS|TAMS 0x0000000091800000, 0x0000000091800000| Complete 
| 117|0x0000000091900000, 0x0000000091a00000, 0x0000000091a00000|100%| E|CS|TAMS 0x0000000091900000, 0x0000000091900000| Complete 

Card table byte_map: [0x0000028533f00000,0x00000285342b0000] _byte_map_base: 0x0000028533aae000

Marking Bits (Prev, Next): (CMBitMap*) 0x000002851cafa9e0, (CMBitMap*) 0x000002851cafaa20
 Prev Bits: [0x0000028534660000, 0x00000285363d0000)
 Next Bits: [0x00000285363d0000, 0x0000028538140000)

Polling page: 0x000002851c2a0000

Metaspace:

Usage:
  Non-class:      3.29 MB used.
      Class:    364.45 KB used.
       Both:      3.65 MB used.

Virtual space:
  Non-class space:        8.00 MB reserved,       3.38 MB ( 42%) committed,  1 nodes.
      Class space:        1.00 GB reserved,     448.00 KB ( <1%) committed,  1 nodes.
             Both:        1.01 GB reserved,       3.81 MB ( <1%) committed. 

Chunk freelists:
   Non-Class:  3.67 MB
       Class:  3.58 MB
        Both:  7.25 MB

MaxMetaspaceSize: unlimited
CompressedClassSpaceSize: 1.00 GB
Initial GC threshold: 21.00 MB
Current GC threshold: 21.00 MB
CDS: on
MetaspaceReclaimPolicy: balanced
 - commit_granule_bytes: 65536.
 - commit_granule_words: 8192.
 - virtual_space_node_default_size: 1048576.
 - enlarge_chunks_in_place: 1.
 - new_chunks_are_fully_committed: 0.
 - uncommit_free_chunks: 1.
 - use_allocation_guard: 0.
 - handle_deallocations: 1.


Internal statistics:

num_allocs_failed_limit: 0.
num_arena_births: 26.
num_arena_deaths: 0.
num_vsnodes_births: 2.
num_vsnodes_deaths: 0.
num_space_committed: 61.
num_space_uncommitted: 0.
num_chunks_returned_to_freelist: 0.
num_chunks_taken_from_freelist: 54.
num_chunk_merges: 0.
num_chunk_splits: 30.
num_chunks_enlarged: 20.
num_purges: 0.
num_inconsistent_stats: 0.

CodeHeap 'non-profiled nmethods': size=119168Kb used=174Kb max_used=174Kb free=118993Kb
 bounds [0x000002852be70000, 0x000002852c0e0000, 0x00000285332d0000]
CodeHeap 'profiled nmethods': size=119104Kb used=882Kb max_used=882Kb free=118221Kb
 bounds [0x0000028524a20000, 0x0000028524c90000, 0x000002852be70000]
CodeHeap 'non-nmethods': size=7488Kb used=1211Kb max_used=2361Kb free=6276Kb
 bounds [0x00000285242d0000, 0x0000028524540000, 0x0000028524a20000]
 total_blobs=998 nmethods=568 adapters=343
 compilation: enabled
              stopped_count=0, restarted_count=0
 full_count=0

Compilation events (20 events):
Event: 10.703 Thread 0x000002853b173ea0 nmethod 560 0x0000028524af6d10 code [0x0000028524af6ec0, 0x0000028524af7158]
Event: 10.703 Thread 0x000002853b173ea0  562       3       java.util.regex.Pattern::range (294 bytes)
Event: 10.704 Thread 0x000002853b173ea0 nmethod 562 0x0000028524af7290 code [0x0000028524af76c0, 0x0000028524af8ff8]
Event: 10.704 Thread 0x000002853b173ea0  563       3       java.util.regex.Pattern::bitsOrSingle (106 bytes)
Event: 10.704 Thread 0x000002853b173ea0 nmethod 563 0x0000028524af9910 code [0x0000028524af9b00, 0x0000028524afa138]
Event: 10.704 Thread 0x000002853b173ea0  564       3       java.util.regex.Pattern$BitClass::add (97 bytes)
Event: 10.705 Thread 0x000002853b173ea0 nmethod 564 0x0000028524afa290 code [0x0000028524afa4e0, 0x0000028524afae38]
Event: 10.705 Thread 0x000002853b173ea0  561       3       java.util.regex.ASCII::isDigit (18 bytes)
Event: 10.705 Thread 0x000002853b173ea0 nmethod 561 0x0000028524afb210 code [0x0000028524afb3a0, 0x0000028524afb4f8]
Event: 10.705 Thread 0x000002853b173ea0  565       3       java.util.regex.Pattern$Node::<init> (12 bytes)
Event: 10.705 Thread 0x000002853b173ea0 nmethod 565 0x0000028524afb590 code [0x0000028524afb740, 0x0000028524afb918]
Event: 10.707 Thread 0x000002853b16b3f0 nmethod 546 0x000002852be9a390 code [0x000002852be9a540, 0x000002852be9b008]
Event: 10.707 Thread 0x000002853b16b3f0  551       4       jdk.internal.reflect.ByteVectorImpl::add (38 bytes)
Event: 10.707 Thread 0x000002853b16b3f0 nmethod 551 0x000002852be9b590 code [0x000002852be9b720, 0x000002852be9b828]
Event: 208.337 Thread 0x000002853b173ea0  566       3       org.eclipse.jdt.launching.internal.org.objectweb.asm.SymbolTable::addConstantNameAndType (28 bytes)
Event: 208.337 Thread 0x000002853b173ea0 nmethod 566 0x0000028524afba10 code [0x0000028524afbbe0, 0x0000028524afbf18]
Event: 208.337 Thread 0x000002853b173ea0  567       3       org.eclipse.jdt.launching.internal.org.objectweb.asm.SymbolTable::hash (15 bytes)
Event: 208.337 Thread 0x000002853b173ea0 nmethod 567 0x0000028524afc110 code [0x0000028524afc2c0, 0x0000028524afc458]
Event: 208.337 Thread 0x000002853b173ea0  568       3       org.eclipse.jdt.launching.internal.org.objectweb.asm.SymbolTable$Entry::<init> (18 bytes)
Event: 208.337 Thread 0x000002853b173ea0 nmethod 568 0x0000028524afc590 code [0x0000028524afc740, 0x0000028524afc8e8]

GC Heap History (0 events):
No events

Deoptimization events (20 events):
Event: 0.305 Thread 0x000002851cabd270 DEOPT PACKING pc=0x0000028524aa7334 sp=0x0000008f4a2f8430
Event: 0.305 Thread 0x000002851cabd270 DEOPT UNPACKING pc=0x0000028524322b43 sp=0x0000008f4a2f7898 mode 0
Event: 0.305 Thread 0x000002851cabd270 DEOPT PACKING pc=0x0000028524aa7334 sp=0x0000008f4a2f8430
Event: 0.305 Thread 0x000002851cabd270 DEOPT UNPACKING pc=0x0000028524322b43 sp=0x0000008f4a2f7898 mode 0
Event: 0.305 Thread 0x000002851cabd270 DEOPT PACKING pc=0x0000028524aa7334 sp=0x0000008f4a2f8430
Event: 0.306 Thread 0x000002851cabd270 DEOPT UNPACKING pc=0x0000028524322b43 sp=0x0000008f4a2f7898 mode 0
Event: 0.320 Thread 0x000002851cabd270 Uncommon trap: trap_request=0xffffff45 fr.pc=0x000002852be7c2a8 relative=0x0000000000000228
Event: 0.320 Thread 0x000002851cabd270 Uncommon trap: reason=unstable_if action=reinterpret pc=0x000002852be7c2a8 method=java.lang.String.isLatin1()Z @ 10 c2
Event: 0.320 Thread 0x000002851cabd270 DEOPT PACKING pc=0x000002852be7c2a8 sp=0x0000008f4a2fc840
Event: 0.320 Thread 0x000002851cabd270 DEOPT UNPACKING pc=0x00000285243223a3 sp=0x0000008f4a2fc770 mode 2
Event: 0.320 Thread 0x000002851cabd270 Uncommon trap: trap_request=0xffffff45 fr.pc=0x000002852be7f4e0 relative=0x0000000000000060
Event: 0.320 Thread 0x000002851cabd270 Uncommon trap: reason=unstable_if action=reinterpret pc=0x000002852be7f4e0 method=java.lang.String.isLatin1()Z @ 10 c2
Event: 0.320 Thread 0x000002851cabd270 DEOPT PACKING pc=0x000002852be7f4e0 sp=0x0000008f4a2fc7c0
Event: 0.320 Thread 0x000002851cabd270 DEOPT UNPACKING pc=0x00000285243223a3 sp=0x0000008f4a2fc760 mode 2
Event: 0.323 Thread 0x000002851cabd270 Uncommon trap: trap_request=0xffffff45 fr.pc=0x000002852be81bc8 relative=0x0000000000000048
Event: 0.323 Thread 0x000002851cabd270 Uncommon trap: reason=unstable_if action=reinterpret pc=0x000002852be81bc8 method=java.lang.CharacterData.of(I)Ljava/lang/CharacterData; @ 4 c2
Event: 0.323 Thread 0x000002851cabd270 DEOPT PACKING pc=0x000002852be81bc8 sp=0x0000008f4a2fe610
Event: 0.323 Thread 0x000002851cabd270 DEOPT UNPACKING pc=0x00000285243223a3 sp=0x0000008f4a2fe5b0 mode 2
Event: 3.221 Thread 0x000002851cabd270 DEOPT PACKING pc=0x0000028524a81f1f sp=0x0000008f4a2fa8b0
Event: 3.221 Thread 0x000002851cabd270 DEOPT UNPACKING pc=0x0000028524322b43 sp=0x0000008f4a2f9d48 mode 0

Classes unloaded (0 events):
No events

Classes redefined (1 events):
Event: 208.338 Thread 0x000002853b145c40 redefined class name=com.suji.train.repository.UserBookingRepository, count=1

Internal exceptions (4 events):
Event: 0.051 Thread 0x000002851cabd270 Exception <a 'java/lang/NoSuchMethodError'{0x000000009181d3e0}: 'void java.lang.invoke.DirectMethodHandle$Holder.invokeVirtual(java.lang.Object, java.lang.Object)'> (0x000000009181d3e0) 
thrown [t:\workspace\open\src\hotspot\share\interpreter\linkResolver.cpp, line 766]
Event: 3.227 Thread 0x000002851cabd270 Exception <a 'sun/nio/fs/WindowsException'{0x00000000913f6bf8}> (0x00000000913f6bf8) 
thrown [t:\workspace\open\src\hotspot\share\prims\jni.cpp, line 516]
Event: 3.228 Thread 0x000002851cabd270 Exception <a 'java/lang/NoSuchMethodError'{0x0000000091202588}: 'java.lang.Object java.lang.invoke.DirectMethodHandle$Holder.invokeStaticInit(java.lang.Object)'> (0x0000000091202588) 
thrown [t:\workspace\open\src\hotspot\share\interpreter\linkResolver.cpp, line 766]
Event: 10.701 Thread 0x000002851cabd270 Exception <a 'java/lang/NoSuchMethodError'{0x00000000912b59e0}: static Lcom/suji/train/entity/PassengerSeats;.<clinit>()V> (0x00000000912b59e0) 
thrown [t:\workspace\open\src\hotspot\share\prims\jni.cpp, line 1107]

VM Operations (20 events):
Event: 128.207 Executing VM operation: get/set locals
Event: 128.207 Executing VM operation: get/set locals done
Event: 128.207 Executing VM operation: get/set locals
Event: 128.207 Executing VM operation: get/set locals done
Event: 128.208 Executing VM operation: get/set locals
Event: 128.208 Executing VM operation: get/set locals done
Event: 208.333 Executing VM operation: ChangeSingleStep
Event: 208.333 Executing VM operation: ChangeSingleStep done
Event: 208.334 Executing VM operation: ChangeSingleStep
Event: 208.334 Executing VM operation: ChangeSingleStep done
Event: 208.338 Executing VM operation: RedefineClasses
Event: 208.341 Executing VM operation: RedefineClasses done
Event: 208.349 Executing VM operation: ChangeBreakpoints
Event: 208.350 Executing VM operation: ChangeBreakpoints done
Event: 208.350 Executing VM operation: ChangeBreakpoints
Event: 208.350 Executing VM operation: ChangeBreakpoints done
Event: 208.353 Executing VM operation: ChangeSingleStep
Event: 208.353 Executing VM operation: ChangeSingleStep done
Event: 208.354 Executing VM operation: ChangeSingleStep
Event: 208.354 Executing VM operation: ChangeSingleStep done

Events (20 events):
Event: 8.244 Thread 0x000002853bd15a90 Thread exited: 0x000002853bd15a90
Event: 10.680 loading class java/util/regex/Pattern$1
Event: 10.680 Thread 0x000002853bd154d0 Thread exited: 0x000002853bd154d0
Event: 10.680 loading class java/util/regex/Pattern$1 done
Event: 10.701 loading class java/io/ObjectStreamClass$1
Event: 10.701 loading class java/io/ObjectStreamClass$1 done
Event: 10.701 loading class java/io/DataOutputStream
Event: 10.701 loading class java/io/DataOutputStream done
Event: 10.701 loading class java/io/ObjectStreamClass$MemberSignature
Event: 10.701 loading class java/io/ObjectStreamClass$MemberSignature done
Event: 10.701 loading class java/io/ObjectStreamClass$3
Event: 10.701 loading class java/io/ObjectStreamClass$3 done
Event: 10.702 loading class java/io/ObjectStreamClass$4
Event: 10.702 loading class java/io/ObjectStreamClass$4 done
Event: 10.702 loading class java/io/ObjectStreamClass$5
Event: 10.702 loading class java/io/ObjectStreamClass$5 done
Event: 10.702 loading class sun/security/provider/SHA
Event: 10.702 loading class sun/security/provider/SHA done
Event: 73.473 loading class java/util/Formatter$FixedString
Event: 73.473 loading class java/util/Formatter$FixedString done


Dynamic libraries:
0x00007ff67b090000 - 0x00007ff67b0a0000 	C:\Program Files\Java\jdk-17.0.1\bin\javaw.exe
0x00007ffc12dc0000 - 0x00007ffc12fc9000 	C:\WINDOWS\SYSTEM32\ntdll.dll
0x00007ffc12310000 - 0x00007ffc123cd000 	C:\WINDOWS\System32\KERNEL32.DLL
0x00007ffc108e0000 - 0x00007ffc10c59000 	C:\WINDOWS\System32\KERNELBASE.dll
0x00007ffc10380000 - 0x00007ffc10491000 	C:\WINDOWS\System32\ucrtbase.dll
0x00007ffbfdd60000 - 0x00007ffbfdd78000 	C:\Program Files\Java\jdk-17.0.1\bin\jli.dll
0x00007ffbfdca0000 - 0x00007ffbfdcba000 	C:\Program Files\Java\jdk-17.0.1\bin\VCRUNTIME140.dll
0x00007ffc10c60000 - 0x00007ffc10d0e000 	C:\WINDOWS\System32\ADVAPI32.dll
0x00007ffc123d0000 - 0x00007ffc12473000 	C:\WINDOWS\System32\msvcrt.dll
0x00007ffc116c0000 - 0x00007ffc1175e000 	C:\WINDOWS\System32\sechost.dll
0x00007ffc10d10000 - 0x00007ffc10e30000 	C:\WINDOWS\System32\RPCRT4.dll
0x00007ffc11c10000 - 0x00007ffc11dbc000 	C:\WINDOWS\System32\USER32.dll
0x00007ffc102b0000 - 0x00007ffc102d6000 	C:\WINDOWS\System32\win32u.dll
0x00007ffbf72d0000 - 0x00007ffbf7575000 	C:\WINDOWS\WinSxS\amd64_microsoft.windows.common-controls_6595b64144ccf1df_6.0.22000.120_none_9d947278b86cc467\COMCTL32.dll
0x00007ffc11ee0000 - 0x00007ffc11f09000 	C:\WINDOWS\System32\GDI32.dll
0x00007ffc10740000 - 0x00007ffc10852000 	C:\WINDOWS\System32\gdi32full.dll
0x00007ffc102e0000 - 0x00007ffc1037d000 	C:\WINDOWS\System32\msvcp_win.dll
0x00007ffc07b70000 - 0x00007ffc07b7a000 	C:\WINDOWS\SYSTEM32\VERSION.dll
0x00007ffc11ae0000 - 0x00007ffc11b11000 	C:\WINDOWS\System32\IMM32.DLL
0x00007ffc016e0000 - 0x00007ffc016ec000 	C:\Program Files\Java\jdk-17.0.1\bin\vcruntime140_1.dll
0x00007ffbdb5f0000 - 0x00007ffbdb67d000 	C:\Program Files\Java\jdk-17.0.1\bin\msvcp140.dll
0x00007ffbc4270000 - 0x00007ffbc4e2e000 	C:\Program Files\Java\jdk-17.0.1\bin\server\jvm.dll
0x00007ffc12230000 - 0x00007ffc12238000 	C:\WINDOWS\System32\PSAPI.DLL
0x00007ffbfae20000 - 0x00007ffbfae29000 	C:\WINDOWS\SYSTEM32\WSOCK32.dll
0x00007ffc0a2e0000 - 0x00007ffc0a313000 	C:\WINDOWS\SYSTEM32\WINMM.dll
0x00007ffc12240000 - 0x00007ffc122af000 	C:\WINDOWS\System32\WS2_32.dll
0x00007ffc0f3b0000 - 0x00007ffc0f3c8000 	C:\WINDOWS\SYSTEM32\kernel.appcore.dll
0x00007ffc0ac70000 - 0x00007ffc0ac7a000 	C:\Program Files\Java\jdk-17.0.1\bin\jimage.dll
0x00007ffc0dff0000 - 0x00007ffc0e211000 	C:\WINDOWS\SYSTEM32\DBGHELP.DLL
0x00007ffbfbb50000 - 0x00007ffbfbb81000 	C:\WINDOWS\SYSTEM32\dbgcore.DLL
0x00007ffc10860000 - 0x00007ffc108df000 	C:\WINDOWS\System32\bcryptPrimitives.dll
0x00007ffbfb490000 - 0x00007ffbfb4cb000 	C:\Program Files\Java\jdk-17.0.1\bin\jdwp.dll
0x00007ffc01410000 - 0x00007ffc0141e000 	C:\Program Files\Java\jdk-17.0.1\bin\instrument.dll
0x00007ffbfc6d0000 - 0x00007ffbfc6f5000 	C:\Program Files\Java\jdk-17.0.1\bin\java.dll
0x00007ffbdc190000 - 0x00007ffbdc266000 	C:\Program Files\Java\jdk-17.0.1\bin\svml.dll
0x00007ffc10e30000 - 0x00007ffc115df000 	C:\WINDOWS\System32\SHELL32.dll
0x00007ffc0e3a0000 - 0x00007ffc0ec08000 	C:\WINDOWS\SYSTEM32\windows.storage.dll
0x00007ffc11760000 - 0x00007ffc11ad8000 	C:\WINDOWS\System32\combase.dll
0x00007ffc0e230000 - 0x00007ffc0e396000 	C:\WINDOWS\SYSTEM32\wintypes.dll
0x00007ffc12120000 - 0x00007ffc1220a000 	C:\WINDOWS\System32\SHCORE.dll
0x00007ffc12b60000 - 0x00007ffc12bbd000 	C:\WINDOWS\System32\shlwapi.dll
0x00007ffc101e0000 - 0x00007ffc10201000 	C:\WINDOWS\SYSTEM32\profapi.dll
0x00007ffc09f90000 - 0x00007ffc09fa9000 	C:\Program Files\Java\jdk-17.0.1\bin\net.dll
0x00007ffc099a0000 - 0x00007ffc09aac000 	C:\WINDOWS\SYSTEM32\WINHTTP.dll
0x00007ffc0f7e0000 - 0x00007ffc0f847000 	C:\WINDOWS\system32\mswsock.dll
0x00007ffc013f0000 - 0x00007ffc01405000 	C:\Program Files\Java\jdk-17.0.1\bin\nio.dll
0x00007ffc001b0000 - 0x00007ffc001bc000 	C:\Program Files\Java\jdk-17.0.1\bin\dt_socket.dll
0x00007ffc0ee50000 - 0x00007ffc0ee7d000 	C:\WINDOWS\SYSTEM32\IPHLPAPI.DLL
0x00007ffc0ee80000 - 0x00007ffc0ef68000 	C:\WINDOWS\SYSTEM32\DNSAPI.dll
0x00007ffc12590000 - 0x00007ffc12599000 	C:\WINDOWS\System32\NSI.dll
0x00007ffc01640000 - 0x00007ffc0164a000 	C:\Windows\System32\rasadhlp.dll
0x00007ffc079a0000 - 0x00007ffc07a21000 	C:\WINDOWS\System32\fwpuclnt.dll
0x00007ffbffdc0000 - 0x00007ffbffdd8000 	C:\Program Files\Java\jdk-17.0.1\bin\zip.dll
0x00007ffc001a0000 - 0x00007ffc001b0000 	C:\Program Files\Java\jdk-17.0.1\bin\verify.dll

dbghelp: loaded successfully - version: 4.0.5 - missing functions: none
symbol engine: initialized successfully - sym options: 0x614 - pdb path: .;C:\Program Files\Java\jdk-17.0.1\bin;C:\WINDOWS\SYSTEM32;C:\WINDOWS\WinSxS\amd64_microsoft.windows.common-controls_6595b64144ccf1df_6.0.22000.120_none_9d947278b86cc467;C:\Program Files\Java\jdk-17.0.1\bin\server

VM Arguments:
jvm_args: -XX:+ShowCodeDetailsInExceptionMessages -agentlib:jdwp=transport=dt_socket,suspend=y,address=localhost:13560 -javaagent:C:\Users\USER\eclipse\jee-2021-12\eclipse\configuration\org.eclipse.osgi\421\0\.cp\lib\javaagent-shaded.jar -Dfile.encoding=Cp1252 --module-path=D:\suji workspace\TrainTicketReservation\bin -Djdk.module.main=TrainTicketReservation 
java_command: TrainTicketReservation/com.suji.train.Main
java_class_path (initial): <not set>
Launcher Type: SUN_STANDARD

[Global flags]
     intx CICompilerCount                          = 12                                        {product} {ergonomic}
     uint ConcGCThreads                            = 3                                         {product} {ergonomic}
     uint G1ConcRefinementThreads                  = 13                                        {product} {ergonomic}
   size_t G1HeapRegionSize                         = 1048576                                   {product} {ergonomic}
    uintx GCDrainStackTargetSize                   = 64                                        {product} {ergonomic}
   size_t InitialHeapSize                          = 123731968                                 {product} {ergonomic}
   size_t MarkStackSize                            = 4194304                                   {product} {ergonomic}
   size_t MaxHeapSize                              = 1975517184                                {product} {ergonomic}
   size_t MaxNewSize                               = 1184890880                                {product} {ergonomic}
   size_t MinHeapDeltaBytes                        = 1048576                                   {product} {ergonomic}
   size_t MinHeapSize                              = 8388608                                   {product} {ergonomic}
    uintx NonNMethodCodeHeapSize                   = 7602480                                {pd product} {ergonomic}
    uintx NonProfiledCodeHeapSize                  = 122027880                              {pd product} {ergonomic}
    uintx ProfiledCodeHeapSize                     = 122027880                              {pd product} {ergonomic}
    uintx ReservedCodeCacheSize                    = 251658240                              {pd product} {ergonomic}
     bool SegmentedCodeCache                       = true                                      {product} {ergonomic}
     bool ShowCodeDetailsInExceptionMessages       = true                                   {manageable} {command line}
   size_t SoftMaxHeapSize                          = 1975517184                             {manageable} {ergonomic}
     bool UseCompressedClassPointers               = true                           {product lp64_product} {ergonomic}
     bool UseCompressedOops                        = true                           {product lp64_product} {ergonomic}
     bool UseG1GC                                  = true                                      {product} {ergonomic}
     bool UseLargePagesIndividualAllocation        = false                                  {pd product} {ergonomic}

Logging:
Log output configuration:
 #0: stdout all=warning uptime,level,tags
 #1: stderr all=off uptime,level,tags

Environment Variables:
JAVA_HOME=C:\Program Files\Java\jdk-17.0.1
PATH=C:/Program Files/Java/jdk-17.0.1/bin/server;C:/Program Files/Java/jdk-17.0.1/bin;C:\Program Files\Common Files\Oracle\Java\javapath;C:\WINDOWS\system32;C:\WINDOWS;C:\WINDOWS\System32\Wbem;C:\WINDOWS\System32\WindowsPowerShell\v1.0\;C:\WINDOWS\System32\OpenSSH\;C:\Program Files\Git\cmd;C:\Users\USER\AppData\Local\Microsoft\WindowsApps;C:\Users\USER\AppData\Local\GitHubDesktop\bin;C:\WINDOWS\System32;
USERNAME=USER
OS=Windows_NT
PROCESSOR_IDENTIFIER=AMD64 Family 23 Model 104 Stepping 1, AuthenticAMD



---------------  S Y S T E M  ---------------

OS:
 Windows 10 , 64 bit Build 22000 (10.0.22000.675)
OS uptime: 9 days 23:21 hours

CPU: total 16 (initial active 16) (16 cores per cpu, 2 threads per core) family 23 model 104 stepping 1 microcode 0x0, cx8, cmov, fxsr, ht, mmx, 3dnowpref, sse, sse2, sse3, ssse3, sse4a, sse4.1, sse4.2, popcnt, lzcnt, tsc, tscinvbit, avx, avx2, aes, clmul, bmi1, bmi2, adx, sha, fma, vzeroupper, clflush, clflushopt

Memory: 4k page, system-wide physical 7530M (1444M free)
TotalPageFile size 11031M (AvailPageFile size 2127M)
current process WorkingSet (physical memory assigned to process): 47M, peak: 51M
current process commit charge ("private bytes"): 214M, peak: 220M

vm_info: Java HotSpot(TM) 64-Bit Server VM (17.0.1+12-LTS-39) for windows-amd64 JRE (17.0.1+12-LTS-39), built on Sep 27 2021 18:41:35 by "mach5one" with MS VC++ 16.8 (VS2019)

END.
